# gmm-latgen-faster --max-active=7000 --beam=13.0 --lattice-beam=6.0 --acoustic-scale=0.083333 --allow-partial=true --word-symbol-table=exp/mono/graph/words.txt exp/mono/final.mdl exp/mono/graph/HCLG.fst "ark,s,cs:apply-cmvn  --utt2spk=ark:data/train/split4/2/utt2spk scp:data/train/split4/2/cmvn.scp scp:data/train/split4/2/feats.scp ark:- | add-deltas  ark:- ark:- |" "ark:|gzip -c > exp/mono/decode_train/lat.2.gz" 
# Started at Wed May  6 15:54:24 UTC 2026
#
gmm-latgen-faster --max-active=7000 --beam=13.0 --lattice-beam=6.0 --acoustic-scale=0.083333 --allow-partial=true --word-symbol-table=exp/mono/graph/words.txt exp/mono/final.mdl exp/mono/graph/HCLG.fst 'ark,s,cs:apply-cmvn  --utt2spk=ark:data/train/split4/2/utt2spk scp:data/train/split4/2/cmvn.scp scp:data/train/split4/2/feats.scp ark:- | add-deltas  ark:- ark:- |' 'ark:|gzip -c > exp/mono/decode_train/lat.2.gz' 
add-deltas ark:- ark:- 
apply-cmvn --utt2spk=ark:data/train/split4/2/utt2spk scp:data/train/split4/2/cmvn.scp scp:data/train/split4/2/feats.scp ark:- 
196-122150-0025 AND ONE CLEAR OF CONFINING REAL SPREAD ON ALL SIDES OVER THE DECK FLUID FORWARD IN LEFT OVERFLOW DOWN THE MORNING HAT WAYS FILL IN OUR SENSES OF THE SHIP LIKE WATER FILLING A SISTER 
LOG (gmm-latgen-faster[5.5.1182~1-e02e3]:DecodeUtteranceLatticeFaster():decoder-wrappers.cc:375) Log-like per frame for utterance 196-122150-0025 is -7.87287 over 1358 frames.
196-122150-0034 ITS I AM FLAME AS IF IN DURATION OF HER AROUND FAITH A SHE CLEARED STRAIGHT CROSS THE BAY CONTINUED ON HER WAY THROUGH THE ONE DEGREE PASSAGE SHE HELD ON STRAIGHT FOR THE RED SEA UNDER SYRIAN SKY 
LOG (gmm-latgen-faster[5.5.1182~1-e02e3]:DecodeUtteranceLatticeFaster():decoder-wrappers.cc:375) Log-like per frame for utterance 196-122150-0034 is -7.79784 over 1577 frames.
196-122150-0036 WITHOUT WRINKLE WITHOUT WRINKLE VISCOUS STAGNANT DAD THE PARTNER WITH A SLIGHT HIS PAST OVER THAT PLANE LUMINESCENCE SMOOTH ON ROLL THE BLACK RIBBON OF SMOKE ACROSS THE SKY 
LOG (gmm-latgen-faster[5.5.1182~1-e02e3]:DecodeUtteranceLatticeFaster():decoder-wrappers.cc:375) Log-like per frame for utterance 196-122150-0036 is -7.67797 over 1621 frames.
196-122150-0038 THE EARNINGS COVER THE DECK WITH A WHITE ROOF FROM STEM TO STERN AND FAINT HARM ALONE MURDER SAD VOICES ALONE REVEALED THE PRESENCE OF A CROWD OF PEOPLE UPON THE GREAT BLAZE OF THE OCEAN 
LOG (gmm-latgen-faster[5.5.1182~1-e02e3]:DecodeUtteranceLatticeFaster():decoder-wrappers.cc:375) Log-like per frame for utterance 196-122150-0038 is -7.97953 over 1392 frames.
196-122150-0039 SEARCH FOR THE DAYS STILL HEART HEAVY DISAPPEARING ONE BY ONE INTO THE PAST AS A FOLLOWING INTO IN A BEST FOREVER OPEN IN WAKE OF THE SHIP AND THE SHIP LONELY UNDER WAS TO SMOKE 
LOG (gmm-latgen-faster[5.5.1182~1-e02e3]:DecodeUtteranceLatticeFaster():decoder-wrappers.cc:375) Log-like per frame for utterance 196-122150-0039 is -7.83001 over 1390 frames.
196-122152-0002 THE BIG FRAMEWORK OF PARTIES MOVE GENTLY TO ONE FRO HIGH ABOVE HIS HEAD AND FROM BELOW MANY EYES WERE LOOKING AT HIM OUT OF DARK FACES OUT OF WHITE FACES ARE RED FACES OUT OF FACES ATTENTIVE SPELLBOUND 
LOG (gmm-latgen-faster[5.5.1182~1-e02e3]:DecodeUtteranceLatticeFaster():decoder-wrappers.cc:375) Log-like per frame for utterance 196-122152-0002 is -7.88293 over 1524 frames.
196-122152-0008 LOOKING AT GYM WITH THOUGHTFUL BLUE EYES THE OTHER HEAVY SCORING FOR MEN THROWN BACK IN HIS SEAT IS LEFT ON EXTENDED FULL LENGTH DRUMS DELICATELY WITH IS FINGERTIPS ON A BLUFFING PAD IN THE MIDDLE MAGISTRATE 
LOG (gmm-latgen-faster[5.5.1182~1-e02e3]:DecodeUtteranceLatticeFaster():decoder-wrappers.cc:375) Log-like per frame for utterance 196-122152-0008 is -7.90008 over 1554 frames.
196-122152-0031 AN PROBABLY PERHAPS IT WOULD BE AFTER DINNER ON THE FRIEND EVERY AND MOTIONLESS FOLIAGE AND CROWN WITH FLOWERS IN THE DEEP TASK SPECKLED BY FIERY CIGARETTES THE ELONGATED BULK OF EACH CAN SHARE 
LOG (gmm-latgen-faster[5.5.1182~1-e02e3]:DecodeUtteranceLatticeFaster():decoder-wrappers.cc:375) Log-like per frame for utterance 196-122152-0031 is -7.87119 over 1593 frames.
196-122152-0032 HYBRID SILENT LISTENER NOW MEN SMALL RED GLOW WOULD MOVE A PROPERLY AND EXPANDING LIGHT UP FINGERS OF LANGUAGE HAND PART OF THE FACE AND PROFOUND PROPOSE OR FLAGSHIP CRIMSON CLAIM INTO PAIR PENSIVE EYES 
LOG (gmm-latgen-faster[5.5.1182~1-e02e3]:DecodeUtteranceLatticeFaster():decoder-wrappers.cc:375) Log-like per frame for utterance 196-122152-0032 is -7.88795 over 1539 frames.
196-122159-0000 THAT IS BACK WAS THE DARK KNIGHT WITH CLEAR STARS WHOSE DISTANT GLITTER DISPOSED IN RETREATING PLANES LOWER THE EYE INTO THE DECK SEVERAL GREATER DARKNESS 
LOG (gmm-latgen-faster[5.5.1182~1-e02e3]:DecodeUtteranceLatticeFaster():decoder-wrappers.cc:375) Log-like per frame for utterance 196-122159-0000 is -7.93574 over 1182 frames.
196-122159-0010 AND REAL COMMENTS WITH THE SAME DESIRE ENDED WITH THE SAME KNOWLEDGE CARRIED MARRIED THE SAME CHARGED GLAMOUR THROUGH THE SORTED DAYS OF IMPLICATION WHAT WONDER THAT WHEN SOME 
LOG (gmm-latgen-faster[5.5.1182~1-e02e3]:DecodeUtteranceLatticeFaster():decoder-wrappers.cc:375) Log-like per frame for utterance 196-122159-0010 is -7.86927 over 1376 frames.
196-122159-0030 I WAS RECORD RUN AWAY AT FIRST AT NIGHT IF IT HADNT BEEN FOR THOSE FELLOWS I MIGHT HAVE NO I HAVENT I WAS NOT GOING TO GIVE THEM THAT SATISFACTION THEY DONE ENOUGH THEY MADE UP STORY AND BELIEVED IT FOR ALL I KNOW 
LOG (gmm-latgen-faster[5.5.1182~1-e02e3]:DecodeUtteranceLatticeFaster():decoder-wrappers.cc:375) Log-like per frame for utterance 196-122159-0030 is -8.0092 over 1571 frames.
198-126831-0036 WHAT IS A BACKBONE ITS SOMETHING WHAT I KNOW STORY ABOUT APPLES AND STRIP OF THE RULING PASSION STRONG EVEN AN EXTREMELY IT IS A BETTER GHOST WITH I HOST BUT NO I A 
LOG (gmm-latgen-faster[5.5.1182~1-e02e3]:DecodeUtteranceLatticeFaster():decoder-wrappers.cc:375) Log-like per frame for utterance 198-126831-0036 is -8.24883 over 1233 frames.
198-126831-0043 WE THEN SUPPORT AGAINST ONE OF THE FINGER JUST AS UNCLE RAJA ALLIED AT THE FRONT DOOR HE STARTED US IN MY 
LOG (gmm-latgen-faster[5.5.1182~1-e02e3]:DecodeUtteranceLatticeFaster():decoder-wrappers.cc:375) Log-like per frame for utterance 198-126831-0043 is -8.53626 over 724 frames.
198-126831-0050 IT UP HEATER THOUGHTFUL FOR THE BACK TO THINK HE MIGHT HAVE HAD WAS CATHERINE TO TAKE CLOCK STRIKING FOR BELL RINGING 
LOG (gmm-latgen-faster[5.5.1182~1-e02e3]:DecodeUtteranceLatticeFaster():decoder-wrappers.cc:375) Log-like per frame for utterance 198-126831-0050 is -8.38652 over 771 frames.
198-129977-0017 JO NEW OBJECTS ENEMY ENGAGED ATTENTION TO SITTING BY EDWARD AND THEN TAKING HIS TEA FROM IS IS THAT WHEN HIS HAND PASS SO DIRECTLY BEFORE HER AS TO MAKE A RING WITH AFRAID PRINCE VENTURE I CAN SPEAK US ON ONE OF HIS FINGERS 
LOG (gmm-latgen-faster[5.5.1182~1-e02e3]:DecodeUtteranceLatticeFaster():decoder-wrappers.cc:375) Log-like per frame for utterance 198-129977-0017 is -8.32615 over 1477 frames.
198-129977-0031 WITH YOU MEAN SHALL I TELL YOU CERTAINLY WELL THEN I GUESS THAT NATURALLY CONSCIOUS FRIENDS SURPRISED AND CONFUSED YES SHE COULD NOT HELP SMILING AT THE QUIET ACTIONS OF HIS MANNER AND AFTER MOMENT SILENCE SAID 
LOG (gmm-latgen-faster[5.5.1182~1-e02e3]:DecodeUtteranceLatticeFaster():decoder-wrappers.cc:375) Log-like per frame for utterance 198-129977-0031 is -8.19938 over 1527 frames.
198-209-0010 TO THE TEACHER ACCORDINGLY THEY OUT WENT TO TO ME THE CARRIED PAINTED FACE HER SHE SOON THAT AMONG THE MANY PERFECTIONS OF THE FAMILY OF FARMERS FOR PLACES NOT BE RANKED BUT PERHAPS IT WAS BECAUSE THEY WERE HABITUATED TO THE FINAL PERFORMANCES OF THE LONDON STAGE 
LOG (gmm-latgen-faster[5.5.1182~1-e02e3]:DecodeUtteranceLatticeFaster():decoder-wrappers.cc:375) Log-like per frame for utterance 198-209-0010 is -8.32014 over 1620 frames.
198-209-0018 IN THE RED THAT INDEED AND ME DOMESTIC TO ME AND SISTER WERE GONE OUT IN OF THE TO TOGETHER TO THE THE HAD TEN THOUSAND TIMES RATHER THAN WITH YOU 
LOG (gmm-latgen-faster[5.5.1182~1-e02e3]:DecodeUtteranceLatticeFaster():decoder-wrappers.cc:375) Log-like per frame for utterance 198-209-0018 is -8.43657 over 1475 frames.
198-209-0031 CONVERSATION WITH GENERAL TONY 
LOG (gmm-latgen-faster[5.5.1182~1-e02e3]:DecodeUtteranceLatticeFaster():decoder-wrappers.cc:375) Log-like per frame for utterance 198-209-0031 is -8.44956 over 273 frames.
200-124139-0004 WHO WHEN HE FOUND AND PREFERRED PLANE FISH TO RIGHT TO HAD NOTHING TO FAVOUR OF TO THE NOSE OVER SHE RETURNED DIRECTLY TO JAIN AND MISS BENGALI BEGAN ABUSING HER AS SOON AS SHE WAS AROUND THE ROOM 
LOG (gmm-latgen-faster[5.5.1182~1-e02e3]:DecodeUtteranceLatticeFaster():decoder-wrappers.cc:375) Log-like per frame for utterance 200-124139-0004 is -7.91255 over 1530 frames.
200-124139-0027 I CANNOT POST OF KNOWING MORE THAN HALF A DOZEN IN THE WHOLE RANGE OF MY QUEENS THAT REALLY ACCOMPLISHED NOT I AM SURE SICKNESS IN THE MEN 
LOG (gmm-latgen-faster[5.5.1182~1-e02e3]:DecodeUtteranceLatticeFaster():decoder-wrappers.cc:375) Log-like per frame for utterance 200-124139-0027 is -7.57895 over 1311 frames.
200-124139-0028 OBSERVABLE YOU MUST COMPREHEND GREAT DEAL IN YOUR GIVEN ACCOMPLISH WOMEN YES I DO COMPREHEND GREAT DEAL AND 
LOG (gmm-latgen-faster[5.5.1182~1-e02e3]:DecodeUtteranceLatticeFaster():decoder-wrappers.cc:375) Log-like per frame for utterance 200-124139-0028 is -7.96144 over 941 frames.
200-124139-0036 BUT WITH JOIN THEM AGAIN ONLY TO SAY THAT HER SISTER WAS WORSE AND SHE COULD NOT LEAVE HER BENGALI URGED MASTER JONES BEING SENT FOR IMMEDIATELY WHILE SISTERS CONVINCED THAT NO COUNTRY ADVICE TO BE THE ANY SERVICE 
LOG (gmm-latgen-faster[5.5.1182~1-e02e3]:DecodeUtteranceLatticeFaster():decoder-wrappers.cc:375) Log-like per frame for utterance 200-124139-0036 is -7.96819 over 1490 frames.
200-124140-0007 AT PRESENT HOWEVER I CONSIDER MYSELF IS QUITE FIXED HERE THAT IS EXACTLY WHAT I SHOULD OF SUPPOSED OF YOU SUPPOSED OF A COMPREHEND ME DO YOU CRIED HE TURNING FOR HER 
LOG (gmm-latgen-faster[5.5.1182~1-e02e3]:DecodeUtteranceLatticeFaster():decoder-wrappers.cc:375) Log-like per frame for utterance 200-124140-0007 is -7.89496 over 1363 frames.
200-126784-0004 COMPOSE THE SEASON FOR ENJOYMENT IN THE OPEN AIR THEY HAVE BEEN STORMS BUT THEY ARE DISTINCT AND OF LONG CONTINUOUS LEAVING A CLEAR ATMOSPHERE AND CLOUDLESS SKY 
LOG (gmm-latgen-faster[5.5.1182~1-e02e3]:DecodeUtteranceLatticeFaster():decoder-wrappers.cc:375) Log-like per frame for utterance 200-126784-0004 is -7.76795 over 1271 frames.
200-126784-0014 HIS HOUSE WAS SURROUNDED BY DOZENS OF MOST TO THREE THAT AGAINST NOW DISMANTLE AND SECURITY FOR IN A FEW MINUTES HOWEVER THEY RETURN TO THE YARD FOLLOWED BY CRAZY FRIENDS 
LOG (gmm-latgen-faster[5.5.1182~1-e02e3]:DecodeUtteranceLatticeFaster():decoder-wrappers.cc:375) Log-like per frame for utterance 200-126784-0014 is -7.88112 over 1357 frames.
200-126784-0015 PILOT SPEAK YOU LATE AND WITH CANADA THAT MATTERS OF NO TRIFLING CONCERNED AROUND THE CARPET A SHORT COMMUNICATION WITH THE LOCATIONS HOUSEKEEPER PART OF YOU ARRIVAL OF THE MAIN BODY THE TRUTH AND THE DANCE PARTY BE MOUNTAIN 
LOG (gmm-latgen-faster[5.5.1182~1-e02e3]:DecodeUtteranceLatticeFaster():decoder-wrappers.cc:375) Log-like per frame for utterance 200-126784-0015 is -8.0291 over 1510 frames.
201-122255-0001 UPON THE OTHER AS WELL LITTLE JOHN NEW TO THE MARY BLUEBERRY IN CHEERFUL JOHN SUDDENLY SEE SCARCELY SINCE OF THE PATH FIRST HE LOOKED UP AND THE PEOPLE DOWN THEN TELLING HIS CAP OVER ONE HOUR HE SLOWLY SCRATCH THE BACK PART OF HIS HEAD FOR THE SET WAS 
LOG (gmm-latgen-faster[5.5.1182~1-e02e3]:DecodeUtteranceLatticeFaster():decoder-wrappers.cc:375) Log-like per frame for utterance 201-122255-0001 is -8.38599 over 1605 frames.
201-122255-0016 GO TO HIMSELF WHAT YOUR ME IS AFTER THAT HE SHOULD GO THE SPEAKING APPEARING ABOUT I REALLY BELIEVE THAT ON STRAIGHT ISLAND IS NO BETTER THAN A THIEF AND COME UP HERE AFTER OUR OWN IN THE GOOD THINGS DONE HERE FOR 
LOG (gmm-latgen-faster[5.5.1182~1-e02e3]:DecodeUtteranceLatticeFaster():decoder-wrappers.cc:375) Log-like per frame for utterance 201-122255-0016 is -8.3527 over 1402 frames.
201-122255-0020 I AM MY FRIENDS DO TAKE GOOD CARE OF OUR GOOD SOVEREIGNS DEAR I CANNOT TO THE LARGE ACCEPTABLE TERROR WILL SPOT HAS MANY MORE LIKELY BY THE DARK AS THE RECORD THE BLACK PRIVACY 
LOG (gmm-latgen-faster[5.5.1182~1-e02e3]:DecodeUtteranceLatticeFaster():decoder-wrappers.cc:375) Log-like per frame for utterance 201-122255-0020 is -8.34179 over 1435 frames.
201-122255-0031 I FEAR ME THOUGH THERE IS BUT PORTIONS OF MY SEEING SUCH A PLEASANT SITE SO SAYING HE STRETCHED HIMSELF PUBLIC UPON THE GROUND THAT HE MIGHT NOT ONLY SEE THE SPORT THE BETTER BUT THAT HE MIGHT ENJOY THE VERY SITE THAT IS THESE 
LOG (gmm-latgen-faster[5.5.1182~1-e02e3]:DecodeUtteranceLatticeFaster():decoder-wrappers.cc:375) Log-like per frame for utterance 201-122255-0031 is -8.37202 over 1309 frames.
201-122255-0036 TO THE CHILD SITTING UP AND FEELING IS VERBS WITH TERROR AND DOUBLED HIM I MAKE MY DOWN MY RIBS FEEL AS THOUGH EVERY ONE OF THE MALL BROKEN IN TRAIN 
LOG (gmm-latgen-faster[5.5.1182~1-e02e3]:DecodeUtteranceLatticeFaster():decoder-wrappers.cc:375) Log-like per frame for utterance 201-122255-0036 is -8.54778 over 867 frames.
201-122255-0039 MARY I DID CREATURE OF HIS ARM FULL LENGTH WHILE ELSE TO KEEPING AT HIM AND WITH UP REGRET COMPLETED RISING THEIR I SEEN ONE TEMPLE BEFORE A SO SO LONG 
LOG (gmm-latgen-faster[5.5.1182~1-e02e3]:DecodeUtteranceLatticeFaster():decoder-wrappers.cc:375) Log-like per frame for utterance 201-122255-0039 is -8.39495 over 1127 frames.
201-127786-0010 HER DELICATE FEEDING UNABLE TO BEAR THE ROUGHNESS OF THE STONES SEEING WHICH THE THREE HIS AND ORDER IN THE GREAT ADDRESSING HER FIRST SAID STATION NORMAL WHAT ARE YOU MAY BE FOR THOSE WHO YOU SEE HERE ONLY DESIRE TO BE OF SERVICE TO YOU 
LOG (gmm-latgen-faster[5.5.1182~1-e02e3]:DecodeUtteranceLatticeFaster():decoder-wrappers.cc:375) Log-like per frame for utterance 201-127786-0010 is -8.09888 over 1459 frames.
201-127786-0015 IT WOULD BE IDEAL FOR ME NOW TO MAKE ANY FURTHER PRETENCE OF WHAT IF YOU WERE TO BELIEVE ME YOU WOULD BELIEVE MORE OUT OF COURTESY THEN FOR ANY OTHER REASON 
LOG (gmm-latgen-faster[5.5.1182~1-e02e3]:DecodeUtteranceLatticeFaster():decoder-wrappers.cc:375) Log-like per frame for utterance 201-127786-0015 is -8.22513 over 852 frames.
201-127786-0029 AN UNSEEN AS I DONT BY ANY ACCEPT THE SERVANTS OF THE HOUSE FOR WENT TO MESS IT WAS SO EARLY MORNING I WAS SO CLOSELY ATTENDED BY MY MOTHER AND WOMEN OF THE HOUSEHOLD AND 
LOG (gmm-latgen-faster[5.5.1182~1-e02e3]:DecodeUtteranceLatticeFaster():decoder-wrappers.cc:375) Log-like per frame for utterance 201-127786-0029 is -8.00296 over 1125 frames.
201-127786-0035 IF I WERE ALL DESIRES OF OPPOSING AN OBSTACLE TO HIS UNREASONABLE SUIT THEY WERE READY THEY SAID TO MARRY ME ONCE TO ANYONE I PREFERRED EITHER AMONG THE LEADING PEOPLE OUR OWN TOWN OR 
LOG (gmm-latgen-faster[5.5.1182~1-e02e3]:DecodeUtteranceLatticeFaster():decoder-wrappers.cc:375) Log-like per frame for utterance 201-127786-0035 is -7.94925 over 1191 frames.
201-127786-0039 PROFESSIONS TO ME THAT I KNOW NOT HOW FAULTS IT WOULD HAVE THE BEFORE OF DRESSING THEM OF TO SEEM SO LIKE TRUTH AND THE TRADER CAN DRIVE THAT IS TEARS SHOULD ABOUT FOR HIS WORDS IN HIS SIZE FOR SINCERITY 
LOG (gmm-latgen-faster[5.5.1182~1-e02e3]:DecodeUtteranceLatticeFaster():decoder-wrappers.cc:375) Log-like per frame for utterance 201-127786-0039 is -7.92263 over 1251 frames.
201-127786-0051 OF THE SAME TIME I ARGUE THE MATTER BRIEFLY MY OWN MIND SAYING TO MYSELF I SHALL NOT BE DIFFERENT TO HIS REASON TO MARRIAGE FROM LITTLE THE STATION NORMAL TIME FERNANDO BE THE FIRST HOME BEAUTY OR AS A MORE LIKELY TO BLIND ATTACH AND 
LOG (gmm-latgen-faster[5.5.1182~1-e02e3]:DecodeUtteranceLatticeFaster():decoder-wrappers.cc:375) Log-like per frame for utterance 201-127786-0051 is -8.13825 over 1472 frames.
201-127786-0055 CALL BILL COUNCIL THOUSAND PERSONS HEREAFTER SHOULD HE FILL TO KEEP HIS PROMISE SHED MORE TEARS WE DOUBLED HIS SIZE 
LOG (gmm-latgen-faster[5.5.1182~1-e02e3]:DecodeUtteranceLatticeFaster():decoder-wrappers.cc:375) Log-like per frame for utterance 201-127786-0055 is -8.21149 over 766 frames.
211-122425-0017 IN THE YOUTH NOT ONLY MAINTAIN THE GROUND AGAINST OF THE MOST TERRIBLE OF THE CORNERS GARDEN IN THE ABSOLUTELY BROUGHT FOR THEM TO EARTH WHY THIS IS A VICTORY CRY THE KING OF RADIANT A COMPLETE FACTORY 
LOG (gmm-latgen-faster[5.5.1182~1-e02e3]:DecodeUtteranceLatticeFaster():decoder-wrappers.cc:375) Log-like per frame for utterance 211-122425-0017 is -8.21481 over 1454 frames.
211-122425-0018 ONE HARDLY A YOUNG MAN BUT WHO HAVE EVER BEHAVE THEMSELVES SO POSSIBLY ON AS OCCASION L TAKE THE LIBERTY OF RECOMMENDING HIM TO YOUR MAJESTY HOW TO SEE CALL HIMSELF TITANIUM FIRE 
LOG (gmm-latgen-faster[5.5.1182~1-e02e3]:DecodeUtteranceLatticeFaster():decoder-wrappers.cc:375) Log-like per frame for utterance 211-122425-0018 is -8.03254 over 1384 frames.
211-122425-0035 AUTHORITIES WITHIN PROBABLY LOST AS OF WOULD IMPOSSIBLE FOR HINT PERSONS OF THE FOR THE KING NOW AS A PROMISE AUDIENCE IN HIS GAS CAN IMAGINE NATION DEPENDENT HIS FUTURE LIFE IS RELATED ERRORS IMPORTANCE POLITELY 
LOG (gmm-latgen-faster[5.5.1182~1-e02e3]:DecodeUtteranceLatticeFaster():decoder-wrappers.cc:375) Log-like per frame for utterance 211-122425-0035 is -8.12125 over 1448 frames.
211-122425-0041 IT WAS FIXED FROM THE DAY CAST IS EITHER AROUND PASSING THE STREET WAS EMPTY STATUS THAT HISTORY MY FAITH IT IS FORTUNATE FOR YOU OF THE YOUR NAME IS PRESENT TO HAVE ONLY TO DO WITH AN APPRENTICE MUST TO HER 
LOG (gmm-latgen-faster[5.5.1182~1-e02e3]:DecodeUtteranceLatticeFaster():decoder-wrappers.cc:375) Log-like per frame for utterance 211-122425-0041 is -8.04176 over 1476 frames.
211-122425-0046 ANY SERVICING HER RELATIVE 
LOG (gmm-latgen-faster[5.5.1182~1-e02e3]:DecodeUtteranceLatticeFaster():decoder-wrappers.cc:375) Log-like per frame for utterance 211-122425-0046 is -7.93822 over 201 frames.
211-122425-0047 INTERESTINGLY MORNING WITHOUT DOUBT WITH AN OF COMPLETED HIS WORK WITH THIRD BLOW ON NOISE WHICH AROSE HISTORY BEING HEARD IN THE TENNIS COURT TO THE FRIENDS OF THE COURT INTERESTING GOT AFTER EXCHANGING SOME WORDS WITHOUT ANY RUST STORED IN HAND FROM THE COURT AND FELL UPON THE CONQUER 
LOG (gmm-latgen-faster[5.5.1182~1-e02e3]:DecodeUtteranceLatticeFaster():decoder-wrappers.cc:375) Log-like per frame for utterance 211-122425-0047 is -8.24734 over 1707 frames.
211-122425-0055 DOMESTIC AND THEN TO MAKE A STORY UPON THE KINGS MUSKETEERS THE PROPOSITION HAVE BEEN MADE AND RECEIVED WITHIN TWO YEARS AND UNFORTUNATELY ULTIMATE PARK STRUCK 
LOG (gmm-latgen-faster[5.5.1182~1-e02e3]:DecodeUtteranceLatticeFaster():decoder-wrappers.cc:375) Log-like per frame for utterance 211-122425-0055 is -8.11407 over 1049 frames.
211-122425-0056 IS EXCEEDING COMING THEIR FRIENDS WHO CONTINUED HIMSELF PRESENT PAINTING STONES AGAINST THE GATES THE GATES WHICH STRONG THEY SAID HAD THE SPORT BESIDES THOSE YOU MUST BE CONSIDERED LEADERS OF THE ENTERPRISE IT HYPOCRITE AND WERE MAKING THEIR WAKE 
LOG (gmm-latgen-faster[5.5.1182~1-e02e3]:DecodeUtteranceLatticeFaster():decoder-wrappers.cc:375) Log-like per frame for utterance 211-122425-0056 is -8.12225 over 1490 frames.
211-122425-0067 BUT ON THE COUNTRY FOR WHEN WAS PEOPLE THE MOSQUITOES HAVE A SORTED AND IS TO TELL THEY HADNT EVER TO BURN NOW OF THE DEBATE BETWEEN THESE TWO NOVELS MY LAST LONG TIME EACH BECOMING NATURALLY MORE FARMING IS ON OPINION 
LOG (gmm-latgen-faster[5.5.1182~1-e02e3]:DecodeUtteranceLatticeFaster():decoder-wrappers.cc:375) Log-like per frame for utterance 211-122425-0067 is -8.07344 over 1595 frames.
211-122425-0072 AND NATION TO THE SWORD TRUST IN HIS ARM WHICH IS THE DANGEROUS 
LOG (gmm-latgen-faster[5.5.1182~1-e02e3]:DecodeUtteranceLatticeFaster():decoder-wrappers.cc:375) Log-like per frame for utterance 211-122425-0072 is -8.16133 over 355 frames.
211-122442-0007 THERE MANY THINGS TO BE OFFERED TO YOU AND PRETENCE OF THAT YOU BE THIS EVENING THAT THE CARPET THINK OF 
LOG (gmm-latgen-faster[5.5.1182~1-e02e3]:DecodeUtteranceLatticeFaster():decoder-wrappers.cc:375) Log-like per frame for utterance 211-122442-0007 is -7.90198 over 718 frames.
211-122442-0017 I LIKE A CHARMING JOURNEY GATHERED A 
LOG (gmm-latgen-faster[5.5.1182~1-e02e3]:DecodeUtteranceLatticeFaster():decoder-wrappers.cc:375) Log-like per frame for utterance 211-122442-0017 is -7.78399 over 298 frames.
211-122442-0020 PERHAPS THERE IS BUT WOMEN THIS MOMENT THE BY THIS EVENING THERE WILL BE FOR IT APPEARS THAT ARE JOURNEY WAS EVERY MORNING JOURNEY THEN EXACTLY SO SEPARATE IN THE NOTHING TO THE SHAPE YOU WITHOUT 
LOG (gmm-latgen-faster[5.5.1182~1-e02e3]:DecodeUtteranceLatticeFaster():decoder-wrappers.cc:375) Log-like per frame for utterance 211-122442-0020 is -7.89989 over 1407 frames.
211-122442-0023 THE CONVERSATION NATURALLY FELL PENNY AND CONSOLATION OF THE FOR MEN 
LOG (gmm-latgen-faster[5.5.1182~1-e02e3]:DecodeUtteranceLatticeFaster():decoder-wrappers.cc:375) Log-like per frame for utterance 211-122442-0023 is -7.87167 over 476 frames.
211-122442-0026 IN SPITE OF PERFECT GOOD FELLOWSHIP WHAT HAS BECOME A FEW ALL THESE DAYS 
LOG (gmm-latgen-faster[5.5.1182~1-e02e3]:DecodeUtteranceLatticeFaster():decoder-wrappers.cc:375) Log-like per frame for utterance 211-122442-0026 is -8.08222 over 489 frames.
211-122442-0034 PARTICULARLY IN THE NIGHT OF THE JUICE CAN YOU EXPECT I AM NO SWORDSMEN WELL TO BE ALARM DEPARTURE THAT WHEN TO HER PEACOCK AND MORNING 
LOG (gmm-latgen-faster[5.5.1182~1-e02e3]:DecodeUtteranceLatticeFaster():decoder-wrappers.cc:375) Log-like per frame for utterance 211-122442-0034 is -8.16682 over 975 frames.
211-122442-0043 THE TRAIN TO THE QUEEN AND THE HUMILIATION OF HIS EMINENCE YOU MUST WITHOUT YOURSELF TO THAT I FEAR POCKET INTO SOME AS I SHALL HAVE A LOT ENJOY THE FAVOUR OF THE MAJESTY EVERYTHING BELIEVE ME 
LOG (gmm-latgen-faster[5.5.1182~1-e02e3]:DecodeUtteranceLatticeFaster():decoder-wrappers.cc:375) Log-like per frame for utterance 211-122442-0043 is -7.99219 over 1454 frames.
211-122442-0062 LAST ONE SHOULD GIVE WAY THE CUTE IF YOU PASS BEFORE HOUSE WHICH IS BEING BUILT LOOK UP FOR FEAR STONE SHOULD FOLLOW ON YOUR HEAD IF YOU STAY OUT LATE BE ALWAYS FOLLOWED BY YOUR LUCKY COMING YOUR LUCKY BE ARMED IF 
LOG (gmm-latgen-faster[5.5.1182~1-e02e3]:DecodeUtteranceLatticeFaster():decoder-wrappers.cc:375) Log-like per frame for utterance 211-122442-0062 is -8.02667 over 1490 frames.
LOG (apply-cmvn[5.5.1182~1-e02e3]:main():apply-cmvn.cc:162) Applied cepstral mean normalization to 62 utterances, errors on 0
211-122442-0063 BY THE BY A BECOME A SHORT YOUR LIKING MISTRUST EVERYBODY YOUR FRIEND YOUR BROTHER YOUR MISTRESS YOUR MISTRESS OF OF DARK INDIAN BLUSHED MINE MISTRESS OF THE WATER HAPPY MECHANICALLY 
LOG (gmm-latgen-faster[5.5.1182~1-e02e3]:DecodeUtteranceLatticeFaster():decoder-wrappers.cc:375) Log-like per frame for utterance 211-122442-0063 is -8.00219 over 1393 frames.
211-122442-0074 THE YOUR COMPANIONS I DONT THINK TAKEN THE ANY OF ANY WITHOUT TEARS BEATS OF THE PATH STORIES IN HIS POCKET SHALL I SEE YOU AGAIN BEFORE YOUR DEPARTURE 
LOG (gmm-latgen-faster[5.5.1182~1-e02e3]:DecodeUtteranceLatticeFaster():decoder-wrappers.cc:375) Log-like per frame for utterance 211-122442-0074 is -8.14735 over 959 frames.
211-122442-0079 THE VIRUS QUESTION BECAUSE WHY YOU ARE TALKING WITH AND I WATCHED YOU WITHOUT LISTENING TO YOU 
LOG (gmm-latgen-faster[5.5.1182~1-e02e3]:DecodeUtteranceLatticeFaster():decoder-wrappers.cc:375) Log-like per frame for utterance 211-122442-0079 is -8.09863 over 602 frames.
LOG (gmm-latgen-faster[5.5.1182~1-e02e3]:main():gmm-latgen-faster.cc:176) Time taken 252.723s: real-time factor assuming 100 frames/sec is 0.333272
LOG (gmm-latgen-faster[5.5.1182~1-e02e3]:main():gmm-latgen-faster.cc:179) Done 62 utterances, failed for 0
LOG (gmm-latgen-faster[5.5.1182~1-e02e3]:main():gmm-latgen-faster.cc:181) Overall log-likelihood per frame is -8.06128 over 75831 frames.
# Accounting: time=253 threads=1
# Ended (code 0) at Wed May  6 15:58:37 UTC 2026, elapsed time 253 seconds
