# gmm-latgen-faster --max-active=7000 --beam=13.0 --lattice-beam=6.0 --acoustic-scale=0.083333 --allow-partial=true --word-symbol-table=exp/mono/graph/words.txt exp/mono/final.mdl exp/mono/graph/HCLG.fst "ark,s,cs:apply-cmvn  --utt2spk=ark:data/train/split4/3/utt2spk scp:data/train/split4/3/cmvn.scp scp:data/train/split4/3/feats.scp ark:- | add-deltas  ark:- ark:- |" "ark:|gzip -c > exp/mono/decode_train/lat.3.gz" 
# Started at Wed May  6 15:54:24 UTC 2026
#
gmm-latgen-faster --max-active=7000 --beam=13.0 --lattice-beam=6.0 --acoustic-scale=0.083333 --allow-partial=true --word-symbol-table=exp/mono/graph/words.txt exp/mono/final.mdl exp/mono/graph/HCLG.fst 'ark,s,cs:apply-cmvn  --utt2spk=ark:data/train/split4/3/utt2spk scp:data/train/split4/3/cmvn.scp scp:data/train/split4/3/feats.scp ark:- | add-deltas  ark:- ark:- |' 'ark:|gzip -c > exp/mono/decode_train/lat.3.gz' 
apply-cmvn --utt2spk=ark:data/train/split4/3/utt2spk scp:data/train/split4/3/cmvn.scp scp:data/train/split4/3/feats.scp ark:- 
add-deltas ark:- ark:- 
226-122538-0010 THE WELL KNOWN NERVE SPECIALIST IN CONSULTATION WITH THE ARCHAEOLOGIST AND LOCAL PRACTITIONER IN CHARGE THE CASE THERE IS A FEELING OF WIDESPREAD REGRET AND SYMPATHY AND THOSE SOCIAL AND ARE TO STICK CIRCLES WERE MASTER COMING WAS SO WELL KNOWN AND SO DESERVEDLY POPULAR 
LOG (gmm-latgen-faster[5.5.1182~1-e02e3]:DecodeUtteranceLatticeFaster():decoder-wrappers.cc:375) Log-like per frame for utterance 226-122538-0010 is -7.96005 over 1726 frames.
226-122538-0020 SHE WRITES TELEGRAM THROUGH ONCE MORE AND SMILED HOW LIKE HIM TO THINK OF THE COFFEE AND ALL HOW LIKE HIM TO BE COMING TO THE STATION SHE TOOK AFTER HAD IN LEAD BACK AGAINST THE CUSHIONS 
LOG (gmm-latgen-faster[5.5.1182~1-e02e3]:DecodeUtteranceLatticeFaster():decoder-wrappers.cc:375) Log-like per frame for utterance 226-122538-0020 is -7.77894 over 1343 frames.
226-122538-0025 YOU KNOW HIS ALWAYS SO VERY JUST THERE AND THIS CHARACTERISTIC OF THE DOCTOR HAD MADE HIM TOO MANY A VERY PLEASANT HELP IN TIME OF TROUBLE HE WAS THROUGH THE MIND ORDERS AND HAD HIS HAND UPON THE HANDLE OF JAMES DOOR IN MOMENT 
LOG (gmm-latgen-faster[5.5.1182~1-e02e3]:DecodeUtteranceLatticeFaster():decoder-wrappers.cc:375) Log-like per frame for utterance 226-122538-0025 is -7.92384 over 1594 frames.
226-122538-0030 PILOT UJJAIN TO THE CROWD OPEN THE DOOR OF A NEAT ELECTRIC ROOM HOPE TURN TO TO SEE BESIDE HER AND INCLINED IN SWIFTLY OUT INTO THE STRAND AND TURN TOWARDS HER FATHER SQUARE 
LOG (gmm-latgen-faster[5.5.1182~1-e02e3]:DecodeUtteranceLatticeFaster():decoder-wrappers.cc:375) Log-like per frame for utterance 226-122538-0030 is -7.99893 over 1282 frames.
226-122538-0032 PEOPLE WHO CAN BE DISAPPOINTED NIAGARA AND TALK ABOUT IT SHOULD NO LONGER BE ALLOWED TO CRAWL ON THE FACE OF THE OR AND HOW ABOUT LITTLE MOTHER IS THAT SHE WORTH KNOWING I HOPE SHE SEND ME HER LOVE AND YORK HAR 
LOG (gmm-latgen-faster[5.5.1182~1-e02e3]:DecodeUtteranceLatticeFaster():decoder-wrappers.cc:375) Log-like per frame for utterance 226-122538-0032 is -7.9825 over 1415 frames.
226-131532-0014 TO MAKE NO APOLOGY FOR CALLING YOU OUT PASSAGE LOVELY EVENING THEY WOULD BE FOR MATTER OF NO GREATER IMPORTANCE TO HIS TO AMOUNT SUPPORT FOR WHICH YOU LIKE TO COMMAND AS THE LADY YES 
LOG (gmm-latgen-faster[5.5.1182~1-e02e3]:DecodeUtteranceLatticeFaster():decoder-wrappers.cc:375) Log-like per frame for utterance 226-131532-0014 is -7.52248 over 1494 frames.
226-131532-0019 ACCOUNTED ANGUISH DARK ENDEAVOUR OUT OF MORE BOTH HE WAS WAITED SHE CAN LET PERCEIVED MOMENT OF THE INWARD CONFLICT IN AND WITH A CERTAIN EFFORT SHE WAS THROUGH HER HAND AND RETREATED A SEPARATE YOU BACK 
LOG (gmm-latgen-faster[5.5.1182~1-e02e3]:DecodeUtteranceLatticeFaster():decoder-wrappers.cc:375) Log-like per frame for utterance 226-131532-0019 is -7.76628 over 1497 frames.
226-131532-0026 THE TO THE ONE ATTENTIVE PERSONS OF STELLAR MAY HER AND BROKE THE STILLNESS OF THE TO THE EVENING IN AND LOOKING TOWARDS PLANE I SAW SOLITARY EQUESTRIAN COMING UP INCLINING TO DUSK AS IT WAS 
LOG (gmm-latgen-faster[5.5.1182~1-e02e3]:DecodeUtteranceLatticeFaster():decoder-wrappers.cc:375) Log-like per frame for utterance 226-131532-0026 is -7.78236 over 1453 frames.
226-131532-0033 THE BLACK ME TELL YOU YOUNG MAN HERE HE PUT HIS FACE INTO MINE IMPORTANT CONFIDENTIAL AIR SHE NOT WORTH IT AND HE CONFIRMED THE ASSERTION BY SO NIGHT 
LOG (gmm-latgen-faster[5.5.1182~1-e02e3]:DecodeUtteranceLatticeFaster():decoder-wrappers.cc:375) Log-like per frame for utterance 226-131532-0033 is -7.46234 over 1243 frames.
226-131533-0003 YOUR COULD NOT BUT PERCEIVE THAT SHE WAS AT TIMES UNHAPPY AND SATISFIED WITH HERSELF OR HER POSITION AND TRULY I MYSELF WAS NOT QUITE CONTENTED WITH THE LATTER THIS ASSUMPTION OF BROTHERLY NONCHALANCE WAS VERY HARD TO SUSTAIN 
LOG (gmm-latgen-faster[5.5.1182~1-e02e3]:DecodeUtteranceLatticeFaster():decoder-wrappers.cc:375) Log-like per frame for utterance 226-131533-0003 is -7.74604 over 1555 frames.
226-131533-0004 AND I OFTEN FELT MYSELF A MOST CONFOUNDED HYPOCRITE WITH ALL I SAW TWO OR RATHER I FELT THAT IN SPITE OF HERSELF I WAS NOT IN DIFFERENT TO HER AS THE NOVEL HEROES MODESTLY EXPRESSED IT 
LOG (gmm-latgen-faster[5.5.1182~1-e02e3]:DecodeUtteranceLatticeFaster():decoder-wrappers.cc:375) Log-like per frame for utterance 226-131533-0004 is -7.69641 over 1536 frames.
226-131533-0019 THE TO GO SPEAK OPENLY TO THE ABOUT SUCH THINGS IT IS ONLY BY HINTS AND NEW WHEN THOSE AND BY WHAT I HEAR OTHER SAY THAT I NEW WITH THE THINK WELL THEN ONE GO TODAY AS ITS GETTING LATEST 
LOG (gmm-latgen-faster[5.5.1182~1-e02e3]:DecodeUtteranceLatticeFaster():decoder-wrappers.cc:375) Log-like per frame for utterance 226-131533-0019 is -7.73187 over 1326 frames.
229-130880-0024 ONLY ONE PENNY TO THOSE POOR PEOPLE LATER EMPLOYERS RICH OF THE CONSCIOUS ON OF NO PROFESSOR CAPTAIN HIM TO MAKE 
LOG (gmm-latgen-faster[5.5.1182~1-e02e3]:DecodeUtteranceLatticeFaster():decoder-wrappers.cc:375) Log-like per frame for utterance 229-130880-0024 is -8.03658 over 940 frames.
229-130880-0026 THIS THAT IS A PRETTY NECKLACE QUESTION TO SAY PLACE THE WELL CAPTAIN NAME I WANT TO CAPTAIN I MIGHT YET I AM VERY FAMILIAR TERMS WITH AN GENIUS A FISH FOR USED TO THEM 
LOG (gmm-latgen-faster[5.5.1182~1-e02e3]:DecodeUtteranceLatticeFaster():decoder-wrappers.cc:375) Log-like per frame for utterance 229-130880-0026 is -7.86923 over 1511 frames.
229-130880-0029 IF YOU INVITED HUT LIONS ON THE APPLES PLAINS ARE TIGERS MANAGE WAS OF INDIA YOU MIGHT SAY THAT NOW IS MY CHANCE TO HUT LIONS AND TIGERS BUT TO BY THE WANT SHARKS IN THEIR NATIVE ELEMENT 
LOG (gmm-latgen-faster[5.5.1182~1-e02e3]:DecodeUtteranceLatticeFaster():decoder-wrappers.cc:375) Log-like per frame for utterance 229-130880-0029 is -7.94435 over 1493 frames.
229-130880-0030 HE MIGHT WHAT OF THE GOOD OVER BEFORE ACCEPTING AS FREE I PASS THE HAND OVER MY BROTHER WERE BEATS OF COLD SWEAT WERE BUSY FORMING DOESNT THIS OVER ACID MYSELF DOMESTIC OUR TIME 
LOG (gmm-latgen-faster[5.5.1182~1-e02e3]:DecodeUtteranceLatticeFaster():decoder-wrappers.cc:375) Log-like per frame for utterance 229-130880-0030 is -7.8595 over 1476 frames.
229-130880-0031 HUNTING ORDERS IN UNDERWATER FORESTS AS WITHIN THE FOREST OF CRYSTAL ISLAND AN ACCEPTABLE ACTIVITY 
LOG (gmm-latgen-faster[5.5.1182~1-e02e3]:DecodeUtteranceLatticeFaster():decoder-wrappers.cc:375) Log-like per frame for utterance 229-130880-0031 is -8.07799 over 758 frames.
229-130880-0039 HAS JUST MADE AS A VERY PLEASANT PROPOSITION OH I SAID YOU KNOW ABOUT WITHOUT RESPECT TO MASTER CONSERVE APPLIED THE NOTICES COMMANDER HAS INVITED US TOGETHER WITH MASTER 
LOG (gmm-latgen-faster[5.5.1182~1-e02e3]:DecodeUtteranceLatticeFaster():decoder-wrappers.cc:375) Log-like per frame for utterance 229-130880-0039 is -7.89776 over 1437 frames.
229-130880-0047 MATTER COUNCIL TOOK SEATS ON A COUCH AND RIGHT OF THE CANADIANS AND ME SIR JUST WHAT IS A PARALLEL EXACTLY MY JOHN AND THEIR APPLIED FOR POETS APRIL IS A TEAR FROM SEE 
LOG (gmm-latgen-faster[5.5.1182~1-e02e3]:DecodeUtteranceLatticeFaster():decoder-wrappers.cc:375) Log-like per frame for utterance 229-130880-0047 is -8.00081 over 1477 frames.
229-130880-0064 PROCESS ACCORDING TO THEIR SHAPE THEIR WATER AND OTHER WORDS THEIR COLOUR AND THEIR ORIENT IN OTHER WORDS THAT DOUBLED SHIMMERING GLOW THAT MAKES THEM SUIT DELIGHTFUL TO THE I THE FINEST PERSON OR PARAGONS WERE PROMISE 
LOG (gmm-latgen-faster[5.5.1182~1-e02e3]:DecodeUtteranceLatticeFaster():decoder-wrappers.cc:375) Log-like per frame for utterance 229-130880-0064 is -8.1136 over 1585 frames.
229-130880-0072 BUT I DONT THINK THESE FISHERIES BRING IN THE RETURNS THEY ONCE DID SIMILARLY THE CENTRAL AMERICAN FISHERIES 
LOG (gmm-latgen-faster[5.5.1182~1-e02e3]:DecodeUtteranceLatticeFaster():decoder-wrappers.cc:375) Log-like per frame for utterance 229-130880-0072 is -8.24493 over 739 frames.
229-130880-0081 THAT AS A SEVERAL SEVERAL WHAT OR SOME TO THE NEW WAS YOUR IT COMES FROM THE SKILLS OF THE EUROPE IN CUP ITS NOTHING MORE THAN A SUPER SUBSTANCE THAT COLLECTS IN THE WATER AND IS PRESERVED IN AMMONIA ITS WORTHLESS 
LOG (gmm-latgen-faster[5.5.1182~1-e02e3]:DecodeUtteranceLatticeFaster():decoder-wrappers.cc:375) Log-like per frame for utterance 229-130880-0081 is -8.23122 over 1521 frames.
233-134440-0040 ALREADY YOU MAY BE HAVING DREAMS IN HIS 
LOG (gmm-latgen-faster[5.5.1182~1-e02e3]:DecodeUtteranceLatticeFaster():decoder-wrappers.cc:375) Log-like per frame for utterance 233-134440-0040 is -7.34823 over 327 frames.
233-134440-0042 ENJOYMENT WAS STRINGS OF WHILE PERSONS THE OPERATOR HAD MARRIED THE DAUGHTER DENTIST WHO IS THE USE OF THREE SISTERS ON HIS MARRIAGE DAY BECAUSE OF HIS ABILITY HE WAS PROMOTED TO POSITION AS DISPATCHER 
LOG (gmm-latgen-faster[5.5.1182~1-e02e3]:DecodeUtteranceLatticeFaster():decoder-wrappers.cc:375) Log-like per frame for utterance 233-134440-0042 is -7.58475 over 1563 frames.
233-134440-0057 AGAIN MANS VOICE BECAME SOFT AND LOW SHE CAME NEVER MADE AND ONE ON HER MOTHER DID THAT WAS OF THEIR SHE WAS TAKEN GIRLS CLOTHES OF HIS CONSIDERED YOU 
LOG (gmm-latgen-faster[5.5.1182~1-e02e3]:DecodeUtteranceLatticeFaster():decoder-wrappers.cc:375) Log-like per frame for utterance 233-134440-0057 is -7.40489 over 1470 frames.
233-155990-0008 WHO HAVE BECOME OBSESSED WITH IDEA OF OBTAINING UNIVERSAL PEACE BY SOME CHEAP PATENT THATS IT WAS BEEN REALLY SUBSTANTIAL GROWTH 
LOG (gmm-latgen-faster[5.5.1182~1-e02e3]:DecodeUtteranceLatticeFaster():decoder-wrappers.cc:375) Log-like per frame for utterance 233-155990-0008 is -8.06189 over 1016 frames.
233-155990-0038 THE POPULATION DECREASED BY NEARLY TWO FOR AND PRACTICALLY ALL THE CHILDREN DIED PEACE CAME WELL BEING CAME FREEDOM FROM RAPE AND MURDER AND TORTURE HIGHLY ROBBERY AND EVERY BRUTAL GRATIFICATION OF LUSTING GREEN CAME 
LOG (gmm-latgen-faster[5.5.1182~1-e02e3]:DecodeUtteranceLatticeFaster():decoder-wrappers.cc:375) Log-like per frame for utterance 233-155990-0038 is -8.30427 over 1567 frames.
248-130644-0008 AN INDISPENSABLE ANGRY ALL GUARANTEE OF ONLY POWER BUT OF THE CLAY AND WHERE ALL THE DOMESTIC FEATHERS OF THAT CONDITIONS OF THE QUALIFICATIONS NECESSARY FOR OBSERVATION OF MATRIMONY HEAD INCLINED TO THINK IT RATHER TO MARRY STAY 
LOG (gmm-latgen-faster[5.5.1182~1-e02e3]:DecodeUtteranceLatticeFaster():decoder-wrappers.cc:375) Log-like per frame for utterance 248-130644-0008 is -7.9811 over 1587 frames.
248-130644-0019 AND WENT ALL THESE QUALIFICATIONS NEGATIVE AND POSITIVE WE AND RESPOND HE SENSE OF CAPABILITIES SOME HAPPY PERSONS ARE BORN WITH SO THAT ANY SUBJECT THEY TURN THEIR ATTENTION TO IMPOSSIBLE THEIR OWN POWER OF FORMING A CORRECT JUDGEMENT ON IT 
LOG (gmm-latgen-faster[5.5.1182~1-e02e3]:DecodeUtteranceLatticeFaster():decoder-wrappers.cc:375) Log-like per frame for utterance 248-130644-0019 is -7.9568 over 1653 frames.
248-130644-0034 THE FEAR AND FURNACE BEING PERHAPS BOTH HEIGHTENED BY WHAT MAY BE CALLED THE IRRITATIONS OF FOR CHARACTER THE PLAY A VERY AS A CONTRARY TENDENCIES 
LOG (gmm-latgen-faster[5.5.1182~1-e02e3]:DecodeUtteranceLatticeFaster():decoder-wrappers.cc:375) Log-like per frame for utterance 248-130644-0034 is -7.69336 over 1077 frames.
248-130652-0020 IN THE THE GOOD SO MUCH TROUBLE PERHAPS BUT SOME FORMS MUST BE GONE THROUGH BEFORE MAN CAN MARRY A MILLION VERY LIKELY BUT I AM NOT GOING TO MARRY A MILLION 
LOG (gmm-latgen-faster[5.5.1182~1-e02e3]:DecodeUtteranceLatticeFaster():decoder-wrappers.cc:375) Log-like per frame for utterance 248-130652-0020 is -7.63789 over 1202 frames.
248-130652-0038 SENSE OF HIS OWN OPINION NEVER DONE OF ACTION DID NOT SEE NECESSARY TO CONSIDER WHETHER HE SHOULD BE LIKELY TO COMMIT ONE OF HIS LOVE OF THESE REQUIRED AT THE SHES LOVE OF THESE WAS WELL SATISFIED PRESENT 
LOG (gmm-latgen-faster[5.5.1182~1-e02e3]:DecodeUtteranceLatticeFaster():decoder-wrappers.cc:375) Log-like per frame for utterance 248-130652-0038 is -7.88336 over 1303 frames.
248-130697-0006 POSSIBLY MURDER CRY IMPLORINGLY YOU ARE CITIZEN YOU KNOW SHOULD NO MOST DECIDEDLY NOT SET THE RANDOM THERE IS NO ACTION NOT BE TAKEN IN CONSEQUENCE 
LOG (gmm-latgen-faster[5.5.1182~1-e02e3]:DecodeUtteranceLatticeFaster():decoder-wrappers.cc:375) Log-like per frame for utterance 248-130697-0006 is -7.58142 over 1366 frames.
248-130697-0007 BUT IF I AM NOT HAVE THE MURDER SKILL THAT MOMENT IF I HAVE THROWN ROPE ON THE INSTANT PERHAPS IT WOULD IN ENJOYED NO I THINK NOT SET AROUND THE SLOWLY 
LOG (gmm-latgen-faster[5.5.1182~1-e02e3]:DecodeUtteranceLatticeFaster():decoder-wrappers.cc:375) Log-like per frame for utterance 248-130697-0007 is -7.66322 over 1393 frames.
248-130697-0031 THE WISH KNOWLEDGE WOULD NEVER SEEN ME TO WISH THAT SAID WONDERLAND IMPLORINGLY WHILE THE TEARS GATHERED I SHOULD DESPISE MYSELF FOR WISHING IT SAID RANDOM HOW COULD I KNOW WHAT I WAS WISHING 
LOG (gmm-latgen-faster[5.5.1182~1-e02e3]:DecodeUtteranceLatticeFaster():decoder-wrappers.cc:375) Log-like per frame for utterance 248-130697-0031 is -7.76325 over 1311 frames.
250-142276-0009 AND SHE WAS NOT SORRY TO THINK OF THEIR MEETING AND GREETING WOULD TAKE PLACE IT HOST AND PERCENTAGE RATHER THAN DURING CONFUSION AT THE LAST THREE DAYS IN HOUSE ON HARLEY STREET HER SHE HERSELF HIS HAND TO THE PARTED GROWTH 
LOG (gmm-latgen-faster[5.5.1182~1-e02e3]:DecodeUtteranceLatticeFaster():decoder-wrappers.cc:375) Log-like per frame for utterance 250-142276-0009 is -8.72712 over 1337 frames.
250-142276-0038 HOSTEL IS A SOME DISTANCE FROM NEIGHBOURS OF THEIR OWN STANDARD CULTIVATION THE DOMESTIC AND THE WAY PLACES IN ENGLAND SENSES FAILED WONDERING TAKING ITS 
LOG (gmm-latgen-faster[5.5.1182~1-e02e3]:DecodeUtteranceLatticeFaster():decoder-wrappers.cc:375) Log-like per frame for utterance 250-142276-0038 is -8.31882 over 1380 frames.
250-142276-0045 HE HAD INTO ACTIONS WHICH AROSE AT THE STATE IS REGARDED AS HARDSHIPS BY HIS WIFE NOT TO BE ACCEPTED AS THE NATURAL CONDITIONS OF HIS PROFESSION BUT TO BE REGRETTED IN STRUGGLE AGAINST BY HER AS A SEVERAL YEARS 
LOG (gmm-latgen-faster[5.5.1182~1-e02e3]:DecodeUtteranceLatticeFaster():decoder-wrappers.cc:375) Log-like per frame for utterance 250-142276-0045 is -8.48458 over 1596 frames.
250-142276-0056 SERIOUS HER MARRIED LIFE SHE REMAINED WITH FOR THE THIS DEVOTED TO HER INTEREST ALWAYS CONSIDERING HERSELF AS THE AND PROTECTING FAIRY HIS DUTY WAS TO OUT OF THE MALIGNANT GIANT MASTER HELL 
LOG (gmm-latgen-faster[5.5.1182~1-e02e3]:DecodeUtteranceLatticeFaster():decoder-wrappers.cc:375) Log-like per frame for utterance 250-142276-0056 is -8.25287 over 1406 frames.
250-142286-0028 AS ANY ACQUITTANCE THE THE THINGS IT THEY HAVE BEEN IMPORTANTLY DISCUSSING SUPPORT IS FEELINGS THAT SHE ALSO PRESENT THAT IS THAT LADIES NEVER SHOWING THAT SHE WAS OFFENDED THIS SPORT IRONICAL SPORTS 
LOG (gmm-latgen-faster[5.5.1182~1-e02e3]:DecodeUtteranceLatticeFaster():decoder-wrappers.cc:375) Log-like per frame for utterance 250-142286-0028 is -8.03539 over 1414 frames.
26-495-0000 INSPECTING CITIES I WRITTEN BY A CITIZEN WHO CONTINUED ALL THE WHILE IN LONDON NEVER MADE PUBLIC BEFORE 
LOG (gmm-latgen-faster[5.5.1182~1-e02e3]:DecodeUtteranceLatticeFaster():decoder-wrappers.cc:375) Log-like per frame for utterance 26-495-0000 is -8.17521 over 966 frames.
26-495-0009 TWO POSITIONS IN A SURGEON WERE ORDERED TO GO TO THE HOUSE TO MAKE INSPECTION THIS THEY DID AND FINDING EVIDENT TOKENS OF THE SICKNESS UPON BOTH THE BY THE CENTRE DEAD 
LOG (gmm-latgen-faster[5.5.1182~1-e02e3]:DecodeUtteranceLatticeFaster():decoder-wrappers.cc:375) Log-like per frame for utterance 26-495-0009 is -8.24563 over 1358 frames.
26-495-0021 SAINT JAMES CITIES BESIDES THIS IT WAS OBSERVED WITH GREAT AND EASINESS BY THE PEOPLE THAT THE WEEKLY BUILDS AND GENERAL INCREASED VERY MUCH DURING THESE WEEKS ALTHOUGH IT WAS AND TIME OF THE YEAR WHEN 
LOG (gmm-latgen-faster[5.5.1182~1-e02e3]:DecodeUtteranceLatticeFaster():decoder-wrappers.cc:375) Log-like per frame for utterance 26-495-0021 is -8.30079 over 1491 frames.
26-495-0023 STILL CONTINUE INCREASED VERY GENTLE NEW THE AND OF EDWARD ATTENDED WAS SO MARKET WAS TEMPLES DECREASED AGAIN IN THE CITY GROW HEALTHY AND EVERYBODY BEGAN TO LOOK UPON THE DANGER AS GOOD IS OVER 
LOG (gmm-latgen-faster[5.5.1182~1-e02e3]:DecodeUtteranceLatticeFaster():decoder-wrappers.cc:375) Log-like per frame for utterance 26-495-0023 is -8.35164 over 1669 frames.
26-495-0027 YOUR DIED BUT THREE OF WHICH NOT ONE WITHIN THE WHOLE CITY OR WONDER THESE AND SAINT ANDREWS BRAIN BY SUSTAIN WHICH WAS VERY LOW 
LOG (gmm-latgen-faster[5.5.1182~1-e02e3]:DecodeUtteranceLatticeFaster():decoder-wrappers.cc:375) Log-like per frame for utterance 26-495-0027 is -8.31922 over 1117 frames.
26-495-0039 IS ANYONE MY PERCEIVED BY THEIR PARENTS THIS IS A VERY TERRIBLE AND MELANCHOLY THING TO SEE AND AS IT WAS SIDE WHICH I CANNOT BUT LOOK ON FROM MORNING TONIGHT 
LOG (gmm-latgen-faster[5.5.1182~1-e02e3]:DecodeUtteranceLatticeFaster():decoder-wrappers.cc:375) Log-like per frame for utterance 26-495-0039 is -8.2758 over 1356 frames.
26-495-0040 DISCOVERY OF THE PEOPLE WAS SEARCH FOR SOME WEEKS THAT THERE WAS NO GETTING AT THE LORD MARRIAGE STORE WITHOUT EXCEEDING DIFFICULTY THEIR RESEARCH PRESSING IN CROWDING THERE 
LOG (gmm-latgen-faster[5.5.1182~1-e02e3]:DecodeUtteranceLatticeFaster():decoder-wrappers.cc:375) Log-like per frame for utterance 26-495-0040 is -8.31746 over 1271 frames.
26-495-0068 AS I WAS THAT I DONT AND INTO SUBMIT WORDS WORK OF HEAVEN IF I HAD BEEN ANYWAY DISABLED BY THE CENTRE IS OR DISEASES IN AND THEN NOT BEEN ABLE TO GO 
LOG (gmm-latgen-faster[5.5.1182~1-e02e3]:DecodeUtteranceLatticeFaster():decoder-wrappers.cc:375) Log-like per frame for utterance 26-495-0068 is -8.34083 over 1292 frames.
26-496-0006 ENABLE ASKED THE BILL ITSELF SAID 
LOG (gmm-latgen-faster[5.5.1182~1-e02e3]:DecodeUtteranceLatticeFaster():decoder-wrappers.cc:375) Log-like per frame for utterance 26-496-0006 is -8.13145 over 337 frames.
27-123349-0003 AND HE WAS FORCED TO PROMISED THAT EVEN IN THE FIELD EXCEPT IN THE CASE OF A SURPRISE HE WOULD DO NOTHING WITHOUT THE ASSENT OF THE COUNCIL FOR ON THE WAS COMMAND IN ENGLAND HIS SOFT MIND HEAD AS YOU CHILD 
LOG (gmm-latgen-faster[5.5.1182~1-e02e3]:DecodeUtteranceLatticeFaster():decoder-wrappers.cc:375) Log-like per frame for utterance 27-123349-0003 is -7.86875 over 1462 frames.
27-123349-0016 IN SUCH THAT IT WOULD HAVE BEEN TOO LITTLE PURPOSE TO BRING HIM EVEN BEFORE THE QUITE AND PARTIAL TRIBUNALS OF THAT AGE AND ONE POINT HOWEVER HE WAS VULNERABLE HE WAS A STUDENT OF CHRIST CHURCH IN THE UNIVERSITY OF OXFORD 
LOG (gmm-latgen-faster[5.5.1182~1-e02e3]:DecodeUtteranceLatticeFaster():decoder-wrappers.cc:375) Log-like per frame for utterance 27-123349-0016 is -7.92831 over 1578 frames.
27-123349-0035 WHICH THAT UNION HAD BOUGHT TOGETHER RETAINED ALMOST ALL THE RIGHTS OF SOVEREIGNTY AND STARTED THOSE RIGHTS POLITELY SLEEP AGAINST THE CENTRAL GOVERNMENT 
LOG (gmm-latgen-faster[5.5.1182~1-e02e3]:DecodeUtteranceLatticeFaster():decoder-wrappers.cc:375) Log-like per frame for utterance 27-123349-0035 is -8.04571 over 1004 frames.
27-123349-0036 AS A FEDERAL AUTHORITIES HAD NOT THE MEANS OF EXACTING PROMPT OBEDIENCE FROM THE PROVINCIAL AUTHORITIES SO THE PROVINCIAL AUTHORITIES HAD NOT THE MEANS OF EXACTING PROMPT OBEDIENCE FROM THE MUNICIPAL AUTHORITIES 
LOG (gmm-latgen-faster[5.5.1182~1-e02e3]:DecodeUtteranceLatticeFaster():decoder-wrappers.cc:375) Log-like per frame for utterance 27-123349-0036 is -7.97221 over 1361 frames.
27-123349-0043 WITH THE REQUEST THAT IS EXPECTED SHIPS MIGHT BE DETAINED THE MAGISTRATES OF AMSTERDAM AMSTERDAM ATTENTIONS OF DESIRES HE WAS OUT OF THEIR JURISDICTION AND REFERRED HIM TO THE FELLOW GOVERNMENT IT WAS NOTORIOUS THAT THIS WAS A MIRROR EXCUSE 
LOG (gmm-latgen-faster[5.5.1182~1-e02e3]:DecodeUtteranceLatticeFaster():decoder-wrappers.cc:375) Log-like per frame for utterance 27-123349-0043 is -7.96256 over 1621 frames.
27-123349-0053 ONE APRIL REACHED HIS OWN PROBLEMS HE FOUND THAT PREPARATIONS HAVE BEEN MADE REPELLENT AT THE SOFT MIND HE SAID HIS SECOND SON CHARLES ON SHORT TO CALL THE CANDLES STORMS BUT CHARLES RETURN WITH GLORY TILINGS 
LOG (gmm-latgen-faster[5.5.1182~1-e02e3]:DecodeUtteranceLatticeFaster():decoder-wrappers.cc:375) Log-like per frame for utterance 27-123349-0053 is -7.99383 over 1550 frames.
27-123349-0058 A CHIEF OBJECT OF THE EXPEDITION WAS DECLARED TO BE THE ENTIRE SUPPRESSION 
LOG (gmm-latgen-faster[5.5.1182~1-e02e3]:DecodeUtteranceLatticeFaster():decoder-wrappers.cc:375) Log-like per frame for utterance 27-123349-0058 is -8.01849 over 519 frames.
27-124992-0016 AND HE SAID ALL THE CORN ON FIRE 
LOG (gmm-latgen-faster[5.5.1182~1-e02e3]:DecodeUtteranceLatticeFaster():decoder-wrappers.cc:375) Log-like per frame for utterance 27-124992-0016 is -7.79583 over 249 frames.
27-124992-0029 WHAT ALL UP FOR OVER AGAINST CRYSTAL 
LOG (gmm-latgen-faster[5.5.1182~1-e02e3]:DecodeUtteranceLatticeFaster():decoder-wrappers.cc:375) Log-like per frame for utterance 27-124992-0029 is -8.22869 over 315 frames.
27-124992-0032 AN BECAUSE LITTLE CHILDREN TO LIVE PROSTRATE BEFORE THE TEMPLE OF THE LORD 
LOG (gmm-latgen-faster[5.5.1182~1-e02e3]:DecodeUtteranceLatticeFaster():decoder-wrappers.cc:375) Log-like per frame for utterance 27-124992-0032 is -7.9875 over 464 frames.
27-124992-0034 NO EITHER THE LORD WILL HEAR YOUR PRAYER 
LOG (gmm-latgen-faster[5.5.1182~1-e02e3]:DecodeUtteranceLatticeFaster():decoder-wrappers.cc:375) Log-like per frame for utterance 27-124992-0034 is -7.75664 over 298 frames.
27-124992-0042 HANDMADE SITES OF THEM TO LABOUR AND CLAY AND BRICK IN THE BUILDING OF HIS CITIES THEY QUITE THE LORD AND HE STUCK THE WHOLE LAND OF EGYPT 
LOG (gmm-latgen-faster[5.5.1182~1-e02e3]:DecodeUtteranceLatticeFaster():decoder-wrappers.cc:375) Log-like per frame for utterance 27-124992-0042 is -7.9158 over 908 frames.
LOG (apply-cmvn[5.5.1182~1-e02e3]:main():apply-cmvn.cc:162) Applied cepstral mean normalization to 64 utterances, errors on 0
27-124992-0044 SO THAT WATERS WERE MADE TO STAND FIRM AS A WALL EITHER SIDE 
LOG (gmm-latgen-faster[5.5.1182~1-e02e3]:DecodeUtteranceLatticeFaster():decoder-wrappers.cc:375) Log-like per frame for utterance 27-124992-0044 is -7.89522 over 431 frames.
27-124992-0062 AND TO BE INTO PETROLEUM 
LOG (gmm-latgen-faster[5.5.1182~1-e02e3]:DecodeUtteranceLatticeFaster():decoder-wrappers.cc:375) Log-like per frame for utterance 27-124992-0062 is -7.97922 over 217 frames.
27-124992-0067 HAD COMMANDER HIM TO BE DELIVERED FOR THIS CAUSE TO THE ISRAELITES THAT WHEN HE SHOULD OVERCOME THE CHILDREN OF ISRAEL THEN HE MIGHT COMMAND AT YOUR ALSO HIMSELF SECRET TO DEATH BY DIVERSE TORMENTS FOR HAVING SAID 
LOG (gmm-latgen-faster[5.5.1182~1-e02e3]:DecodeUtteranceLatticeFaster():decoder-wrappers.cc:375) Log-like per frame for utterance 27-124992-0067 is -7.92235 over 1448 frames.
LOG (gmm-latgen-faster[5.5.1182~1-e02e3]:main():gmm-latgen-faster.cc:176) Time taken 260.908s: real-time factor assuming 100 frames/sec is 0.331728
LOG (gmm-latgen-faster[5.5.1182~1-e02e3]:main():gmm-latgen-faster.cc:179) Done 64 utterances, failed for 0
LOG (gmm-latgen-faster[5.5.1182~1-e02e3]:main():gmm-latgen-faster.cc:181) Overall log-likelihood per frame is -7.97358 over 78651 frames.
# Accounting: time=261 threads=1
# Ended (code 0) at Wed May  6 15:58:45 UTC 2026, elapsed time 261 seconds
