# gmm-latgen-faster --max-active=7000 --beam=13.0 --lattice-beam=6.0 --acoustic-scale=0.083333 --allow-partial=true --word-symbol-table=exp/tri1/graph/words.txt exp/tri1/final.mdl exp/tri1/graph/HCLG.fst "ark,s,cs:apply-cmvn  --utt2spk=ark:data/train/split4/2/utt2spk scp:data/train/split4/2/cmvn.scp scp:data/train/split4/2/feats.scp ark:- | add-deltas  ark:- ark:- |" "ark:|gzip -c > exp/tri1/decode_train/lat.2.gz" 
# Started at Wed May  6 14:55:48 UTC 2026
#
gmm-latgen-faster --max-active=7000 --beam=13.0 --lattice-beam=6.0 --acoustic-scale=0.083333 --allow-partial=true --word-symbol-table=exp/tri1/graph/words.txt exp/tri1/final.mdl exp/tri1/graph/HCLG.fst 'ark,s,cs:apply-cmvn  --utt2spk=ark:data/train/split4/2/utt2spk scp:data/train/split4/2/cmvn.scp scp:data/train/split4/2/feats.scp ark:- | add-deltas  ark:- ark:- |' 'ark:|gzip -c > exp/tri1/decode_train/lat.2.gz' 
add-deltas ark:- ark:- 
apply-cmvn --utt2spk=ark:data/train/split4/2/utt2spk scp:data/train/split4/2/cmvn.scp scp:data/train/split4/2/feats.scp ark:- 
196-122150-0025 AND ONE CLEAR OF CONFINING REAL SPREAD ON ALL SIDES OVER THE DECK FLUID FORWARD AND LEFT OVERFLOW DOWN THE EARNING HATCHES FILL THE INNER RESOURCES OF THE SHIP LIKE WATER FILLING A SISTER 
LOG (gmm-latgen-faster[5.5.1182~1-e02e3]:DecodeUtteranceLatticeFaster():decoder-wrappers.cc:375) Log-like per frame for utterance 196-122150-0025 is -7.44065 over 1358 frames.
196-122150-0034 ITS I AM FLAME AS IF IN DURATION OF HER AROUND THE FACE SHE CLEARED THE STRAIGHT CROSS THE BAY CONTINUED ON HER WAY THROUGH THE ONE DEGREE PASSAGE SHE HELD ON STRAIGHT FOR THE RED SEA UNDER A SYRIAN SKY 
LOG (gmm-latgen-faster[5.5.1182~1-e02e3]:DecodeUtteranceLatticeFaster():decoder-wrappers.cc:375) Log-like per frame for utterance 196-122150-0034 is -7.37333 over 1577 frames.
196-122150-0036 WEATHER REPORT WITHOUT A WRINKLE VISCOUS STAGNANT DAD THE PARTNER WITH A SLIGHT HIS PAST OVER THAT PLANE LUMINESCENCE SMOOTH AND ROLL THE BLACK RIBBON OF SMOKE ACROSS THE SKY 
LOG (gmm-latgen-faster[5.5.1182~1-e02e3]:DecodeUtteranceLatticeFaster():decoder-wrappers.cc:375) Log-like per frame for utterance 196-122150-0036 is -7.26071 over 1621 frames.
196-122150-0038 THE EARNINGS COVER THE DECK WITH A WHITE ROOF FROM STEM TO STERN AND THE FAINT HARM ALONE SAD VOICES ALONE REVEALED THE PRESENCE OF A CROWD OF PEOPLE UPON THE GREAT BLAZE OF THE OCEAN 
LOG (gmm-latgen-faster[5.5.1182~1-e02e3]:DecodeUtteranceLatticeFaster():decoder-wrappers.cc:375) Log-like per frame for utterance 196-122150-0038 is -7.52564 over 1392 frames.
196-122150-0039 SEARCH FOR THE DAYS STILL HEART HEAVY DISAPPEARING ONE BY ONE INTO THE PAST AS A FOLLOWING INTO IN A BEST FOREVER OPEN IN THE WAKE OF THE SHIP AND THE SHIP LONELY UNDER WHISTLE SMOKE 
LOG (gmm-latgen-faster[5.5.1182~1-e02e3]:DecodeUtteranceLatticeFaster():decoder-wrappers.cc:375) Log-like per frame for utterance 196-122150-0039 is -7.41814 over 1390 frames.
196-122152-0002 THE BIG FRAMEWORK OF POCKET IS MOVE GENTLY TO WIND FRO HIGH ABOVE HIS HEAD AND FROM BELOW MANY EYES WERE LOOKING AT HIM OUT OF DARK FACES OUT OF WHITE FACES ARE RED FACES OUT OF FACES ATTENTIVE SPELLBOUND 
LOG (gmm-latgen-faster[5.5.1182~1-e02e3]:DecodeUtteranceLatticeFaster():decoder-wrappers.cc:375) Log-like per frame for utterance 196-122152-0002 is -7.41958 over 1524 frames.
196-122152-0008 LOOKING AT GYM WITH THOUGHTFUL BLUE EYES THE OTHER HEAVY SCORING FOR MEN THROWN BACK IN HIS SEAT IS LEFT ON EXTENDED FULL LENGTH DRUMS DELICATELY WITH HIS FINGERTIPS ON A BLUFFING PAD IN THE MIDDLE OF THE MAGISTRATE 
LOG (gmm-latgen-faster[5.5.1182~1-e02e3]:DecodeUtteranceLatticeFaster():decoder-wrappers.cc:375) Log-like per frame for utterance 196-122152-0008 is -7.48312 over 1554 frames.
196-122152-0031 AND ALL THE PLAY PERHAPS IT WOULD BE AFTER DINNER ON A RENDER DRIFT AND MOTIONLESS FOLIAGE AND CROWN WITH FLOWERS IN THE DEEP TASK SPECKLED BY FIERY CIGARETTES THE ELONGATED BULK WHICH CAN SHARE 
LOG (gmm-latgen-faster[5.5.1182~1-e02e3]:DecodeUtteranceLatticeFaster():decoder-wrappers.cc:375) Log-like per frame for utterance 196-122152-0031 is -7.46897 over 1593 frames.
196-122152-0032 HYBRID SILENT LISTENER NOW IN A SMALL RED GLOW WOULD MOVE A PROPERLY AND EXPANDING LIGHT UP THE FINGERS OF A LANGUAGE HAND PART OF THE FACE AND PROFOUND PROPOSE OUR FLAGSHIP CRIMSON CLAIM INTO A PAIR OF PENSIVE EYES 
LOG (gmm-latgen-faster[5.5.1182~1-e02e3]:DecodeUtteranceLatticeFaster():decoder-wrappers.cc:375) Log-like per frame for utterance 196-122152-0032 is -7.43058 over 1539 frames.
196-122159-0000 THAT IS BACK WAS THE DARK KNIGHT WITH THE CLEAR STARS WHOSE DISTANT GLITTER DISPOSED IN RETREATING PLANES LOWER THE EYE INTO THE DEPTH OF A GREATER DARKNESS 
LOG (gmm-latgen-faster[5.5.1182~1-e02e3]:DecodeUtteranceLatticeFaster():decoder-wrappers.cc:375) Log-like per frame for utterance 196-122159-0000 is -7.53083 over 1182 frames.
196-122159-0010 CAN WE ALL COMMENTS WITH THE SAME DESIRE ENDED WITH THE SAME KNOWLEDGE CARRIED THE MEMORY OF THE SAME CHARGED GLAMOUR THROUGH THE SORTED DAYS OF IMPLICATION WHAT WONDER THAT WHEN 
LOG (gmm-latgen-faster[5.5.1182~1-e02e3]:DecodeUtteranceLatticeFaster():decoder-wrappers.cc:375) Log-like per frame for utterance 196-122159-0010 is -7.4646 over 1376 frames.
196-122159-0030 I WASNT GOING TO RUN AWAY AT FIRST AT NIGHT IF IT HADNT BEEN FOR THOSE FELLOWS I MIGHT HAVE NO I HAVENT I WAS NOT GOING TO GIVE THEM THAT SATISFACTION THEY DONE ENOUGH THEY MADE UP A STORY AND BELIEVED IT FOR ALL I KNOW 
LOG (gmm-latgen-faster[5.5.1182~1-e02e3]:DecodeUtteranceLatticeFaster():decoder-wrappers.cc:375) Log-like per frame for utterance 196-122159-0030 is -7.66977 over 1571 frames.
198-126831-0036 NOW WHAT IS A BACKBONE ITS SOMETHING THE WORKS I KNOW A STORY ABOUT A GIRL SAID THE STORY ABOUT THE RULING PASSION STRONG EVEN AN EXTREMELY IT IS A BETTER GHOST WITH I HOST BUT NO I 
LOG (gmm-latgen-faster[5.5.1182~1-e02e3]:DecodeUtteranceLatticeFaster():decoder-wrappers.cc:375) Log-like per frame for utterance 198-126831-0036 is -7.88111 over 1233 frames.
198-126831-0043 WE WENT TO THE ORIGINAL GAMES FROM THE CRAZY ARE JUST AS UNCLE RAJA ALLIED AT THE FRONT DOOR HE STARTED US IN THE 
LOG (gmm-latgen-faster[5.5.1182~1-e02e3]:DecodeUtteranceLatticeFaster():decoder-wrappers.cc:375) Log-like per frame for utterance 198-126831-0043 is -8.18778 over 724 frames.
198-126831-0050 DO YOU THINK HE MIGHT HAVE HAD MORE SENSITIVE TO TAKE A CLOCK STRIKING FOR A BELL RINGING 
LOG (gmm-latgen-faster[5.5.1182~1-e02e3]:DecodeUtteranceLatticeFaster():decoder-wrappers.cc:375) Log-like per frame for utterance 198-126831-0050 is -8.09801 over 771 frames.
198-129977-0017 JO NEW OBJECTS AT ME ENGAGED TO ATTENTION TO SITTING BY EDWARD AND THEN TAKING HIS TEA FROM DASHBOARD HIS HAND PASS SO DIRECTLY BEFORE HER AS TO MAKE A RING WITH THE PLATE OF HAIR IN THE CENTRE WHERE CAN SPEAK US ON ONE OF HIS FINGERS 
LOG (gmm-latgen-faster[5.5.1182~1-e02e3]:DecodeUtteranceLatticeFaster():decoder-wrappers.cc:375) Log-like per frame for utterance 198-129977-0017 is -7.96261 over 1477 frames.
198-129977-0031 WHAT DO YOU MEAN SHALL I TELL YOU CERTAINLY WELL THEN I GUESS THAT WILL BE SURPRISED AND CONFUSED YES SHE COULD NOT HELP SMILING AT THE QUIET ACTIONS OF HIS MANNER AND AFTER MOMENT SILENCE SAID 
LOG (gmm-latgen-faster[5.5.1182~1-e02e3]:DecodeUtteranceLatticeFaster():decoder-wrappers.cc:375) Log-like per frame for utterance 198-129977-0031 is -7.91889 over 1527 frames.
198-209-0010 TO THE TEACHER ACCORDINGLY THEY ALWAYS HERE THAT ARE AMONG THE MANY PERFECTIONS OF THE FAMILY A FARMERS FOR PLACE WAS NOT TO BE RANKED BUT PERHAPS IT WAS BECAUSE THEY WERE HABITUATED TO THE FINAL PERFORMANCES OF THE LONDON STAGE 
LOG (gmm-latgen-faster[5.5.1182~1-e02e3]:DecodeUtteranceLatticeFaster():decoder-wrappers.cc:375) Log-like per frame for utterance 198-209-0010 is -8.02102 over 1620 frames.
198-209-0018 TELL ME TELL ME AND HIS SISTER WERE GONE OUT IN A PATENT TOGETHER AND THEN WHAT COULD I DO BUT I HAD TEN THOUSAND TIMES RATHER THAN WITH YOU 
LOG (gmm-latgen-faster[5.5.1182~1-e02e3]:DecodeUtteranceLatticeFaster():decoder-wrappers.cc:375) Log-like per frame for utterance 198-209-0018 is -8.1892 over 1475 frames.
198-209-0031 CONVERSATION WITH GENERAL TONY 
LOG (gmm-latgen-faster[5.5.1182~1-e02e3]:DecodeUtteranceLatticeFaster():decoder-wrappers.cc:375) Log-like per frame for utterance 198-209-0031 is -8.20028 over 273 frames.
200-124139-0004 HAD NOTHING TO SAY TO HER WHEN DINNER HAD NOTHING TO SAY OVER THE ONE SHE RETURNED DIRECTLY TO JAIN AND MISS BENGALI BEGAN ABUSING HER AS SOON AS SHE WAS OUT OF THE ROOM 
LOG (gmm-latgen-faster[5.5.1182~1-e02e3]:DecodeUtteranceLatticeFaster():decoder-wrappers.cc:375) Log-like per frame for utterance 200-124139-0004 is -7.68301 over 1530 frames.
200-124139-0027 I CANNOT POST OF KNOWING MORE THAN HALF A DOZEN IN THE WHOLE RANGE OF MY QUEENS THAT ARE REALLY ACCOMPLISHED I AM SURE SICKNESS BENGALI AND THEN 
LOG (gmm-latgen-faster[5.5.1182~1-e02e3]:DecodeUtteranceLatticeFaster():decoder-wrappers.cc:375) Log-like per frame for utterance 200-124139-0027 is -7.24714 over 1311 frames.
200-124139-0028 OBSERVABLE YOU MUST COMPREHEND THE GREAT DEAL AND YOUR IDEA WITH ACCOMPLISH WOMEN YES I DO COMPREHEND THE GREAT DEAL IN IT 
LOG (gmm-latgen-faster[5.5.1182~1-e02e3]:DecodeUtteranceLatticeFaster():decoder-wrappers.cc:375) Log-like per frame for utterance 200-124139-0028 is -7.6047 over 941 frames.
200-124139-0036 I WAS WITH JOIN THEM AGAIN ONLY TO SAY THAT HER SISTER WAS WORSE AND THAT SHE COULD NOT LEAVE HER BENGALI URGED MASTER JONES BEING SENT FOR IMMEDIATELY WHILE HIS SISTERS CONVINCED THAT NO COUNTRY ADVICE COULD BE OF ANY SERVICE 
LOG (gmm-latgen-faster[5.5.1182~1-e02e3]:DecodeUtteranceLatticeFaster():decoder-wrappers.cc:375) Log-like per frame for utterance 200-124139-0036 is -7.61068 over 1490 frames.
200-124140-0007 AT PRESENT HOWEVER I CONSIDER MYSELF IS QUITE FIXED HERE THAT IS EXACTLY WHAT I SHOULD HAVE SUPPOSED OF YOU SET I WAS OF THE COMPREHEND ME DO YOU CRIED HE TURNING TORTURE 
LOG (gmm-latgen-faster[5.5.1182~1-e02e3]:DecodeUtteranceLatticeFaster():decoder-wrappers.cc:375) Log-like per frame for utterance 200-124140-0007 is -7.59726 over 1363 frames.
200-126784-0004 COMPOSE THE SEASON FOR ENJOYMENT IN THE OPEN AIR THEY HAVE THEIR STORMS BUT THEY ARE DISTINCT AND NOT A LONG CONTINUOUS LEAVING A CLEAR ATMOSPHERE AND THE CLOUDLESS SKY 
LOG (gmm-latgen-faster[5.5.1182~1-e02e3]:DecodeUtteranceLatticeFaster():decoder-wrappers.cc:375) Log-like per frame for utterance 200-126784-0004 is -7.37612 over 1271 frames.
200-126784-0014 HIS HOUSE WAS SURROUNDED BY DOZENS OF THE WITH THREE OF THAT CHICKENS NOW DISMANTLE AND DISAPPEARED IN A FEW MINUTES HOWEVER THEY RETURNED TO THE YARD FOLLOWED BY THE FROM 
LOG (gmm-latgen-faster[5.5.1182~1-e02e3]:DecodeUtteranceLatticeFaster():decoder-wrappers.cc:375) Log-like per frame for utterance 200-126784-0014 is -7.60529 over 1357 frames.
200-126784-0015 THAT MATTERS OF MATTERS OF NO TRIFLING CONCERNED AROUND THE CARPET A SHORT COMMUNICATION WITH THE LOCATIONS HOUSEKEEPER PART OF THE ARRIVAL OF THE MAIN BODY OF THE TRUTH AND THE DANCE PARTY GREEN OF THE 
LOG (gmm-latgen-faster[5.5.1182~1-e02e3]:DecodeUtteranceLatticeFaster():decoder-wrappers.cc:375) Log-like per frame for utterance 200-126784-0015 is -7.72467 over 1510 frames.
201-122255-0001 AN ON THE OTHER AS WELL LITTLE JOHN NEW TO THE MARY BLUEBERRY IN JOHN STOPPED IN THE MIDDLE OF THE PATH FIRST HE LOOKED UP AND THEN HE LOOKED DOWN AND THEN TELLING HIS CAP OVER ONE HOUR HE SLOWLY SCRATCH THE BACK PART OF HIS HEAD FOR THE SIT WAS 
LOG (gmm-latgen-faster[5.5.1182~1-e02e3]:DecodeUtteranceLatticeFaster():decoder-wrappers.cc:375) Log-like per frame for utterance 201-122255-0001 is -8.04291 over 1605 frames.
201-122255-0016 TO HIMSELF WHAT YOUR NAME IS AFTER THAT HE SHOULD GO US PEOPLE AND APPEARING ABOUT I REALLY BELIEVE THAT YOUR ANSWER IS NO BETTER THAN A THIEF AND COME UP HERE AFTER OUR OWN AND THE GOOD THINGS DONE HERE FOR 
LOG (gmm-latgen-faster[5.5.1182~1-e02e3]:DecodeUtteranceLatticeFaster():decoder-wrappers.cc:375) Log-like per frame for utterance 201-122255-0016 is -7.97887 over 1402 frames.
201-122255-0020 I AM MY FRIENDS DO TAKE GOOD CARE OF OUR GOOD SOVEREIGNS DEAR I CAN NOT DO THAT ANSWER HAS MANY MORE OF THAT I CAN SEE 
LOG (gmm-latgen-faster[5.5.1182~1-e02e3]:DecodeUtteranceLatticeFaster():decoder-wrappers.cc:375) Log-like per frame for utterance 201-122255-0020 is -8.01304 over 1435 frames.
201-122255-0031 I FEAR ME THOUGH THERE IS BUT PORTIONS OF MY SEEING SUCH A PLEASANT SITE SO SAYING HE STRETCHED HIMSELF ON THE GROUND THAT HE MIGHT NOT ONLY SEE THE SPOT THE BETTER BUT THAT HE MIGHT ENJOY THE VERY SITE THAT IS 
LOG (gmm-latgen-faster[5.5.1182~1-e02e3]:DecodeUtteranceLatticeFaster():decoder-wrappers.cc:375) Log-like per frame for utterance 201-122255-0031 is -7.94039 over 1309 frames.
201-122255-0036 SET THE SITTING UP AND FEELING IS VERBS WITH THE TENURE AND DOUBLED HIM I MAKE MY WELL MY RIBS FEEL AS THOUGH EVERY ONE OF THEM WERE BROKEN IN TRAIN 
LOG (gmm-latgen-faster[5.5.1182~1-e02e3]:DecodeUtteranceLatticeFaster():decoder-wrappers.cc:375) Log-like per frame for utterance 201-122255-0036 is -8.1602 over 867 frames.
201-122255-0039 MARY I DID RICHARD HIS ARM FULL LENGTH WHILE ELSE TO KEEPING AT HIM AND WITHOUT NEVER HAD I SEEN ONE TEMPLE BEFORE SO SPOON 
LOG (gmm-latgen-faster[5.5.1182~1-e02e3]:DecodeUtteranceLatticeFaster():decoder-wrappers.cc:375) Log-like per frame for utterance 201-122255-0039 is -8.0519 over 1127 frames.
201-127786-0010 HER DELICATE FEEDING UNABLE TO BEAR THE ROUGHNESS OF THE STONES SEEING WHICH THE THREE DAUGHTER AND ACCURATE ADDRESSING HER FIRST SAID WHOEVER YOU MAY BE FOR THOSE WHO YOU SEE HERE ONLY DESIRE TO BE OF SERVICE TO YOU 
LOG (gmm-latgen-faster[5.5.1182~1-e02e3]:DecodeUtteranceLatticeFaster():decoder-wrappers.cc:375) Log-like per frame for utterance 201-127786-0010 is -7.73938 over 1459 frames.
201-127786-0015 IT WOULD BE IDEAL FOR ME NOW TO MAKE ANY FURTHER PRETENCE OF WHAT IF YOU WERE TO BELIEVE ME YOU WOULD BELIEVE MORE OUT OF COURTESY THEN FOR ANY OTHER REASON 
LOG (gmm-latgen-faster[5.5.1182~1-e02e3]:DecodeUtteranceLatticeFaster():decoder-wrappers.cc:375) Log-like per frame for utterance 201-127786-0015 is -7.78253 over 852 frames.
201-127786-0029 AN UNSEEN AS I THOUGHT BY ANY ACCEPT THE SERVANTS OF THE HOUSE FOR WHEN I WENT TO MESS IT WAS SO EARLY IN THE MORNING AND I WAS SO CLOSELY ATTENDED BY MY MOTHER AND THE WOMEN OF THE HOUSEHOLD AND 
LOG (gmm-latgen-faster[5.5.1182~1-e02e3]:DecodeUtteranceLatticeFaster():decoder-wrappers.cc:375) Log-like per frame for utterance 201-127786-0029 is -7.62171 over 1125 frames.
201-127786-0035 AND IF I WERE ALL DESIRES OF OPPOSING AN OBSTACLE TO HIS UNREASONABLE SUIT THEY WERE READY THEY SAID TO MARRY ME ONCE TO ANYONE I PREFERRED EITHER AMONG THE LEADING PEOPLE OF OUR OWN TOWN OR 
LOG (gmm-latgen-faster[5.5.1182~1-e02e3]:DecodeUtteranceLatticeFaster():decoder-wrappers.cc:375) Log-like per frame for utterance 201-127786-0035 is -7.46012 over 1191 frames.
201-127786-0039 PROFESSIONS TO ME THAT I KNOW NOT HAVE FASTED COULD HAVE THE POWER OF DRESSING THEM UP TO SEEM SO LIKE TRUTH AND THE TRADER CAN DRIVE THAT HIS TEARS SHOULD WATCH FOR HIS WORDS AND HIS SIZE FOR HIS SINCERITY 
LOG (gmm-latgen-faster[5.5.1182~1-e02e3]:DecodeUtteranceLatticeFaster():decoder-wrappers.cc:375) Log-like per frame for utterance 201-127786-0039 is -7.53641 over 1251 frames.
201-127786-0051 AT THE SAME TIME I ARGUE THE MATTER BRIEFLY IN MY OWN MIND SAYING TO MYSELF I SHALL NOT BE THE FIRST TO HIS REASON TO MARRIAGE FROM A LITTLE THE STATION NORMAL TIME FERNANDO BE THE FIRST HOME BEAUTY OR AS A MORE LIKELY A BLIND ATTACH BEEN 
LOG (gmm-latgen-faster[5.5.1182~1-e02e3]:DecodeUtteranceLatticeFaster():decoder-wrappers.cc:375) Log-like per frame for utterance 201-127786-0051 is -7.76749 over 1472 frames.
201-127786-0055 ALL ON HIMSELF OF THOUSAND PERSONS HEREAFTER SHOULD HE FAILED TO KEEP HIS PROMISE SHED MORE TEARS WE DOUBLED HIS SIZE 
LOG (gmm-latgen-faster[5.5.1182~1-e02e3]:DecodeUtteranceLatticeFaster():decoder-wrappers.cc:375) Log-like per frame for utterance 201-127786-0055 is -7.93639 over 766 frames.
211-122425-0017 AND THE YOUTH NOT ONLY MAINTAIN THE GROUND AGAINST OF THE MOST TERRIBLE OF THE CORNERS GARDEN IN ABSOLUTELY BROUGHT FOR THEM TO EARTH WHY THIS IS A VICTORY CRY THE KING OF RADIANT A COMPLETE FACTORY 
LOG (gmm-latgen-faster[5.5.1182~1-e02e3]:DecodeUtteranceLatticeFaster():decoder-wrappers.cc:375) Log-like per frame for utterance 211-122425-0017 is -7.81271 over 1454 frames.
211-122425-0018 ONE HARDLY A YOUNG MAN BUT WHO HAVE EVER BEHAVE THEMSELVES SO ADVERB LEAVE ON THIS OCCASION THAT I WILL TAKE THE LIBERTY OF RECOMMENDING HIM TO YOUR MAJESTY HOW TO SEE CALL HIMSELF TITANIUM FIRE 
LOG (gmm-latgen-faster[5.5.1182~1-e02e3]:DecodeUtteranceLatticeFaster():decoder-wrappers.cc:375) Log-like per frame for utterance 211-122425-0018 is -7.62388 over 1384 frames.
211-122425-0035 ONIONS FOR THEM PROBABLY LOST AS IT WOULD BEEN IMPOSSIBLE FOR HIM TO PRESENT HIMSELF BEFORE THE KING NOW AS UPON THIS AUDIENCE IN HIS GAS CAN IMAGINE NATION DEPENDENT HIS FUTURE LIFE IS RELATED ERRORS AND PHOTOS POLITELY 
LOG (gmm-latgen-faster[5.5.1182~1-e02e3]:DecodeUtteranceLatticeFaster():decoder-wrappers.cc:375) Log-like per frame for utterance 211-122425-0035 is -7.75319 over 1448 frames.
211-122425-0041 WHICH WAS FIXED FROM A DAY CAST IS EITHER AROUND AND SAYING THAT THE STREET WAS EMPTY SET WAS ADDRESSING MY FAITH IT IS FORTUNATE FOR YOU ALTHOUGH YOUR NAME IS BURNER TO HAVE ONLY TO DO WITH AN APPRENTICE MUST GET 
LOG (gmm-latgen-faster[5.5.1182~1-e02e3]:DecodeUtteranceLatticeFaster():decoder-wrappers.cc:375) Log-like per frame for utterance 211-122425-0041 is -7.66259 over 1476 frames.
211-122425-0046 ANY SERVICING HER RELATIVE 
LOG (gmm-latgen-faster[5.5.1182~1-e02e3]:DecodeUtteranceLatticeFaster():decoder-wrappers.cc:375) Log-like per frame for utterance 211-122425-0046 is -7.52118 over 201 frames.
211-122425-0047 INTERESTINGLY MORNING WITHOUT DOUBT WITH SON OF COMPLETED HIS WORK WITH THE THIRD BLOW ON THE NOISE WHICH AROSE FROM THE STREET BEING HEARD IN THE TENNIS COURT TO THE FRIENDS OF THE CARDS WHEN YOU HAVE GOT AFTER EXCHANGING SOME WORDS WITHOUT ANY RUST STORED IN HAND FROM THE COURT AND FILL UP ON THE CONQUER 
LOG (gmm-latgen-faster[5.5.1182~1-e02e3]:DecodeUtteranceLatticeFaster():decoder-wrappers.cc:375) Log-like per frame for utterance 211-122425-0047 is -7.8663 over 1707 frames.
211-122425-0055 DOMESTIC AND DURING TO MAKE A STORY UPON THE KINGS MUSKETEERS THE PROPOSITION HAVE BEEN MADE AND RECEIVED WITHIN TWO YEARS AND UNFORTUNATELY STRUCK 
LOG (gmm-latgen-faster[5.5.1182~1-e02e3]:DecodeUtteranceLatticeFaster():decoder-wrappers.cc:375) Log-like per frame for utterance 211-122425-0055 is -7.75865 over 1049 frames.
211-122425-0056 IS EXCEEDING COMING YOUR FRIENDS YOU CONTENTED THEMSELVES WITHOUT HAVING SOME BECAUSE THE GATES THE GATES WHICH IS STRONG THEY DONT TIRED OF THE SPORT BESIDES THOSE YOU MUST BE CONSIDERED THE LEADERS OF THE ENTERPRISE IT WITH THE GROUP AND WERE MAKING THEIR 
LOG (gmm-latgen-faster[5.5.1182~1-e02e3]:DecodeUtteranceLatticeFaster():decoder-wrappers.cc:375) Log-like per frame for utterance 211-122425-0056 is -7.79062 over 1490 frames.
211-122425-0067 OF ON THE CONTRARY FOR WHO IS PEOPLE THE MOSQUITOES HAVE A SORTED AND USED TO TELL THEY HADNT EVER TO BURN NOW IS THE DEBATE BETWEEN THESE TWO NOVELS MY LAST LONG TIME EACH BECOMING NATURALLY MORE FARMING IS ON OPINION 
LOG (gmm-latgen-faster[5.5.1182~1-e02e3]:DecodeUtteranceLatticeFaster():decoder-wrappers.cc:375) Log-like per frame for utterance 211-122425-0067 is -7.70719 over 1595 frames.
211-122425-0072 IN ADDITION TO THE SWORD TRUST IN HIS ARM WHICH IS NOT DANGEROUS 
LOG (gmm-latgen-faster[5.5.1182~1-e02e3]:DecodeUtteranceLatticeFaster():decoder-wrappers.cc:375) Log-like per frame for utterance 211-122425-0072 is -7.72844 over 355 frames.
211-122442-0007 THERE MANY THINGS TO BE OFFERED TO YOU AND TO BE TRANSMITTED TO YOU BE THIS EVENING BUT TO THINK I OF 
LOG (gmm-latgen-faster[5.5.1182~1-e02e3]:DecodeUtteranceLatticeFaster():decoder-wrappers.cc:375) Log-like per frame for utterance 211-122442-0007 is -7.5855 over 718 frames.
211-122442-0017 I LIKE THE CHARMING JOURNEY THE OTHER DAY 
LOG (gmm-latgen-faster[5.5.1182~1-e02e3]:DecodeUtteranceLatticeFaster():decoder-wrappers.cc:375) Log-like per frame for utterance 211-122442-0017 is -7.29298 over 298 frames.
211-122442-0020 PERHAPS THERE IS BUT ONE OF THIS MOMENT BUT BY THIS EVENING THERE WILL BE FOR IT APPEARS THAT ARE JOURNEY WAS A REMAINING JOURNEY THEN EXACTLY SO SAD ATTENTION AND ACCORDING TO PLASTIC YOU WENT OUT 
LOG (gmm-latgen-faster[5.5.1182~1-e02e3]:DecodeUtteranceLatticeFaster():decoder-wrappers.cc:375) Log-like per frame for utterance 211-122442-0020 is -7.55033 over 1407 frames.
211-122442-0023 THE CONVERSATION NATURALLY FELL OPENING AND CONSOLATION OF THE PERMANENT 
LOG (gmm-latgen-faster[5.5.1182~1-e02e3]:DecodeUtteranceLatticeFaster():decoder-wrappers.cc:375) Log-like per frame for utterance 211-122442-0023 is -7.51614 over 476 frames.
211-122442-0026 ANY KIND OF PERFECT GOOD FELLOWSHIP WHAT HAS BECOME A FEW OF THESE DAYS 
LOG (gmm-latgen-faster[5.5.1182~1-e02e3]:DecodeUtteranceLatticeFaster():decoder-wrappers.cc:375) Log-like per frame for utterance 211-122442-0026 is -7.72039 over 489 frames.
211-122442-0034 PARTICULARLY IN THE NIGHT WHAT THE JUICE CAN YOU EXPECT I AM NO SWORDSMEN WELL DONT BE ALARM TO RETURNED ONE TO OR THREE OCLOCK IN THE MORNING 
LOG (gmm-latgen-faster[5.5.1182~1-e02e3]:DecodeUtteranceLatticeFaster():decoder-wrappers.cc:375) Log-like per frame for utterance 211-122442-0034 is -7.78771 over 975 frames.
211-122442-0043 THE TIMES OF THE QUEEN AND THE HUMILIATION OF HIS EMINENCE YOU MUST WITHOUT YOURSELF FOR GIRLFRIEND AS LONG AS I SHALL HAVE A LOT TO ENJOY THE FAVOUR OF THEIR MATCHES EVERYTHING BELIEVE ME 
LOG (gmm-latgen-faster[5.5.1182~1-e02e3]:DecodeUtteranceLatticeFaster():decoder-wrappers.cc:375) Log-like per frame for utterance 211-122442-0043 is -7.72931 over 1454 frames.
211-122442-0062 LAST ONE SHOULD GIVE WAY IN THE FEW IF YOU PASS BEFORE A HOUSE WHICH IS BEING BUILT LOOK UP FOR FEAR OF STONE SHOULD FOLLOW UP ON YOUR HEAD IF YOU STAY OUT LATE BE ALWAYS FOLLOWED BY YOUR LUCKY AND YOUR LUCKY BE ARMED IF 
LOG (gmm-latgen-faster[5.5.1182~1-e02e3]:DecodeUtteranceLatticeFaster():decoder-wrappers.cc:375) Log-like per frame for utterance 211-122442-0062 is -7.63414 over 1490 frames.
LOG (apply-cmvn[5.5.1182~1-e02e3]:main():apply-cmvn.cc:162) Applied cepstral mean normalization to 62 utterances, errors on 0
211-122442-0063 BY THE BY A YOU CAN BE SURE OF YOUR LIKING MISTRUST EVERYBODY YOUR FRIEND YOUR BROTHER YOUR MISTRESS YOUR MISTRESS OF A INDIAN BLUSHED MIND MISTRESS ABOUT HIM MECHANICALLY 
LOG (gmm-latgen-faster[5.5.1182~1-e02e3]:DecodeUtteranceLatticeFaster():decoder-wrappers.cc:375) Log-like per frame for utterance 211-122442-0063 is -7.73756 over 1393 frames.
211-122442-0074 YOUR COMPANIONS I DONT THINK THAT CAN BE A NEED OF ANY WITHOUT PARENTS EACH WITH SAID HIS STORIES IN HIS POCKET SHALL I SEE YOU AGAIN BEFORE YOUR DEPARTURE 
LOG (gmm-latgen-faster[5.5.1182~1-e02e3]:DecodeUtteranceLatticeFaster():decoder-wrappers.cc:375) Log-like per frame for utterance 211-122442-0074 is -7.82303 over 959 frames.
211-122442-0079 THE VIRUS QUESTION BECAUSE WHY YOU ARE TALKING WITH THEM I WATCHED YOU WITHOUT LISTENING TO YOU 
LOG (gmm-latgen-faster[5.5.1182~1-e02e3]:DecodeUtteranceLatticeFaster():decoder-wrappers.cc:375) Log-like per frame for utterance 211-122442-0079 is -7.73361 over 602 frames.
LOG (gmm-latgen-faster[5.5.1182~1-e02e3]:main():gmm-latgen-faster.cc:176) Time taken 79.2212s: real-time factor assuming 100 frames/sec is 0.104471
LOG (gmm-latgen-faster[5.5.1182~1-e02e3]:main():gmm-latgen-faster.cc:179) Done 62 utterances, failed for 0
LOG (gmm-latgen-faster[5.5.1182~1-e02e3]:main():gmm-latgen-faster.cc:181) Overall log-likelihood per frame is -7.69699 over 75831 frames.
# Accounting: time=79 threads=1
# Ended (code 0) at Wed May  6 14:57:07 UTC 2026, elapsed time 79 seconds
